DEPRECATION WARNING: The cattr_* method definitions have been moved into active_support/core_ext/module/attribute_accessors. Please require that instead. (called from block in tsort_each at /home/quick/.rvm/rubies/ruby-2.1.0/lib/ruby/2.1.0/tsort.rb:226)


Started GET "/" for 10.10.3.143 at 2014-02-04 19:59:58 +0400

ActiveRecord::PendingMigrationError (

Migrations are pending. To resolve this issue, run:

	bin/rake db:migrate RAILS_ENV=development

):
  activerecord (4.1.0.beta1) lib/active_record/migration.rb:389:in `check_pending!'
  activerecord (4.1.0.beta1) lib/active_record/migration.rb:377:in `call'
  actionpack (4.1.0.beta1) lib/action_dispatch/middleware/callbacks.rb:29:in `block in call'
  activesupport (4.1.0.beta1) lib/active_support/callbacks.rb:82:in `run_callbacks'
  actionpack (4.1.0.beta1) lib/action_dispatch/middleware/callbacks.rb:27:in `call'
  actionpack (4.1.0.beta1) lib/action_dispatch/middleware/reloader.rb:64:in `call'
  actionpack (4.1.0.beta1) lib/action_dispatch/middleware/remote_ip.rb:76:in `call'
  actionpack (4.1.0.beta1) lib/action_dispatch/middleware/debug_exceptions.rb:17:in `call'
  actionpack (4.1.0.beta1) lib/action_dispatch/middleware/show_exceptions.rb:30:in `call'
  railties (4.1.0.beta1) lib/rails/rack/logger.rb:38:in `call_app'
  railties (4.1.0.beta1) lib/rails/rack/logger.rb:20:in `block in call'
  activesupport (4.1.0.beta1) lib/active_support/tagged_logging.rb:68:in `block in tagged'
  activesupport (4.1.0.beta1) lib/active_support/tagged_logging.rb:26:in `tagged'
  activesupport (4.1.0.beta1) lib/active_support/tagged_logging.rb:68:in `tagged'
  railties (4.1.0.beta1) lib/rails/rack/logger.rb:20:in `call'
  actionpack (4.1.0.beta1) lib/action_dispatch/middleware/request_id.rb:21:in `call'
  rack (1.5.2) lib/rack/methodoverride.rb:21:in `call'
  rack (1.5.2) lib/rack/runtime.rb:17:in `call'
  activesupport (4.1.0.beta1) lib/active_support/cache/strategy/local_cache.rb:86:in `call'
  rack (1.5.2) lib/rack/lock.rb:17:in `call'
  actionpack (4.1.0.beta1) lib/action_dispatch/middleware/static.rb:64:in `call'
  rack (1.5.2) lib/rack/sendfile.rb:112:in `call'
  railties (4.1.0.beta1) lib/rails/engine.rb:516:in `call'
  railties (4.1.0.beta1) lib/rails/application.rb:142:in `call'
  rack (1.5.2) lib/rack/lock.rb:17:in `call'
  rack (1.5.2) lib/rack/content_length.rb:14:in `call'
  rack (1.5.2) lib/rack/handler/webrick.rb:60:in `service'
  /home/quick/.rvm/rubies/ruby-2.1.0/lib/ruby/2.1.0/webrick/httpserver.rb:138:in `service'
  /home/quick/.rvm/rubies/ruby-2.1.0/lib/ruby/2.1.0/webrick/httpserver.rb:94:in `run'
  /home/quick/.rvm/rubies/ruby-2.1.0/lib/ruby/2.1.0/webrick/server.rb:295:in `block in start_thread'


  Rendered /home/quick/.rvm/gems/ruby-2.1.0/gems/actionpack-4.1.0.beta1/lib/action_dispatch/middleware/templates/rescues/_source.erb (0.7ms)
  Rendered /home/quick/.rvm/gems/ruby-2.1.0/gems/actionpack-4.1.0.beta1/lib/action_dispatch/middleware/templates/rescues/_trace.html.erb (1.2ms)
  Rendered /home/quick/.rvm/gems/ruby-2.1.0/gems/actionpack-4.1.0.beta1/lib/action_dispatch/middleware/templates/rescues/_request_and_response.html.erb (1.2ms)
  Rendered /home/quick/.rvm/gems/ruby-2.1.0/gems/actionpack-4.1.0.beta1/lib/action_dispatch/middleware/templates/rescues/diagnostics.erb within rescues/layout (70.8ms)


Started GET "/" for 10.10.3.143 at 2014-02-04 19:59:59 +0400

ActiveRecord::PendingMigrationError (

Migrations are pending. To resolve this issue, run:

	bin/rake db:migrate RAILS_ENV=development

):
  activerecord (4.1.0.beta1) lib/active_record/migration.rb:389:in `check_pending!'
  activerecord (4.1.0.beta1) lib/active_record/migration.rb:377:in `call'
  actionpack (4.1.0.beta1) lib/action_dispatch/middleware/callbacks.rb:29:in `block in call'
  activesupport (4.1.0.beta1) lib/active_support/callbacks.rb:82:in `run_callbacks'
  actionpack (4.1.0.beta1) lib/action_dispatch/middleware/callbacks.rb:27:in `call'
  actionpack (4.1.0.beta1) lib/action_dispatch/middleware/reloader.rb:64:in `call'
  actionpack (4.1.0.beta1) lib/action_dispatch/middleware/remote_ip.rb:76:in `call'
  actionpack (4.1.0.beta1) lib/action_dispatch/middleware/debug_exceptions.rb:17:in `call'
  actionpack (4.1.0.beta1) lib/action_dispatch/middleware/show_exceptions.rb:30:in `call'
  railties (4.1.0.beta1) lib/rails/rack/logger.rb:38:in `call_app'
  railties (4.1.0.beta1) lib/rails/rack/logger.rb:20:in `block in call'
  activesupport (4.1.0.beta1) lib/active_support/tagged_logging.rb:68:in `block in tagged'
  activesupport (4.1.0.beta1) lib/active_support/tagged_logging.rb:26:in `tagged'
  activesupport (4.1.0.beta1) lib/active_support/tagged_logging.rb:68:in `tagged'
  railties (4.1.0.beta1) lib/rails/rack/logger.rb:20:in `call'
  actionpack (4.1.0.beta1) lib/action_dispatch/middleware/request_id.rb:21:in `call'
  rack (1.5.2) lib/rack/methodoverride.rb:21:in `call'
  rack (1.5.2) lib/rack/runtime.rb:17:in `call'
  activesupport (4.1.0.beta1) lib/active_support/cache/strategy/local_cache.rb:86:in `call'
  rack (1.5.2) lib/rack/lock.rb:17:in `call'
  actionpack (4.1.0.beta1) lib/action_dispatch/middleware/static.rb:64:in `call'
  rack (1.5.2) lib/rack/sendfile.rb:112:in `call'
  railties (4.1.0.beta1) lib/rails/engine.rb:516:in `call'
  railties (4.1.0.beta1) lib/rails/application.rb:142:in `call'
  rack (1.5.2) lib/rack/lock.rb:17:in `call'
  rack (1.5.2) lib/rack/content_length.rb:14:in `call'
  rack (1.5.2) lib/rack/handler/webrick.rb:60:in `service'
  /home/quick/.rvm/rubies/ruby-2.1.0/lib/ruby/2.1.0/webrick/httpserver.rb:138:in `service'
  /home/quick/.rvm/rubies/ruby-2.1.0/lib/ruby/2.1.0/webrick/httpserver.rb:94:in `run'
  /home/quick/.rvm/rubies/ruby-2.1.0/lib/ruby/2.1.0/webrick/server.rb:295:in `block in start_thread'


  Rendered /home/quick/.rvm/gems/ruby-2.1.0/gems/actionpack-4.1.0.beta1/lib/action_dispatch/middleware/templates/rescues/_source.erb (8.8ms)
  Rendered /home/quick/.rvm/gems/ruby-2.1.0/gems/actionpack-4.1.0.beta1/lib/action_dispatch/middleware/templates/rescues/_trace.html.erb (3.9ms)
  Rendered /home/quick/.rvm/gems/ruby-2.1.0/gems/actionpack-4.1.0.beta1/lib/action_dispatch/middleware/templates/rescues/_request_and_response.html.erb (6.3ms)
  Rendered /home/quick/.rvm/gems/ruby-2.1.0/gems/actionpack-4.1.0.beta1/lib/action_dispatch/middleware/templates/rescues/diagnostics.erb within rescues/layout (69.5ms)


Started GET "/" for 10.10.3.143 at 2014-02-04 20:00:00 +0400

ActiveRecord::PendingMigrationError (

Migrations are pending. To resolve this issue, run:

	bin/rake db:migrate RAILS_ENV=development

):
  activerecord (4.1.0.beta1) lib/active_record/migration.rb:389:in `check_pending!'
  activerecord (4.1.0.beta1) lib/active_record/migration.rb:377:in `call'
  actionpack (4.1.0.beta1) lib/action_dispatch/middleware/callbacks.rb:29:in `block in call'
  activesupport (4.1.0.beta1) lib/active_support/callbacks.rb:82:in `run_callbacks'
  actionpack (4.1.0.beta1) lib/action_dispatch/middleware/callbacks.rb:27:in `call'
  actionpack (4.1.0.beta1) lib/action_dispatch/middleware/reloader.rb:64:in `call'
  actionpack (4.1.0.beta1) lib/action_dispatch/middleware/remote_ip.rb:76:in `call'
  actionpack (4.1.0.beta1) lib/action_dispatch/middleware/debug_exceptions.rb:17:in `call'
  actionpack (4.1.0.beta1) lib/action_dispatch/middleware/show_exceptions.rb:30:in `call'
  railties (4.1.0.beta1) lib/rails/rack/logger.rb:38:in `call_app'
  railties (4.1.0.beta1) lib/rails/rack/logger.rb:20:in `block in call'
  activesupport (4.1.0.beta1) lib/active_support/tagged_logging.rb:68:in `block in tagged'
  activesupport (4.1.0.beta1) lib/active_support/tagged_logging.rb:26:in `tagged'
  activesupport (4.1.0.beta1) lib/active_support/tagged_logging.rb:68:in `tagged'
  railties (4.1.0.beta1) lib/rails/rack/logger.rb:20:in `call'
  actionpack (4.1.0.beta1) lib/action_dispatch/middleware/request_id.rb:21:in `call'
  rack (1.5.2) lib/rack/methodoverride.rb:21:in `call'
  rack (1.5.2) lib/rack/runtime.rb:17:in `call'
  activesupport (4.1.0.beta1) lib/active_support/cache/strategy/local_cache.rb:86:in `call'
  rack (1.5.2) lib/rack/lock.rb:17:in `call'
  actionpack (4.1.0.beta1) lib/action_dispatch/middleware/static.rb:64:in `call'
  rack (1.5.2) lib/rack/sendfile.rb:112:in `call'
  railties (4.1.0.beta1) lib/rails/engine.rb:516:in `call'
  railties (4.1.0.beta1) lib/rails/application.rb:142:in `call'
  rack (1.5.2) lib/rack/lock.rb:17:in `call'
  rack (1.5.2) lib/rack/content_length.rb:14:in `call'
  rack (1.5.2) lib/rack/handler/webrick.rb:60:in `service'
  /home/quick/.rvm/rubies/ruby-2.1.0/lib/ruby/2.1.0/webrick/httpserver.rb:138:in `service'
  /home/quick/.rvm/rubies/ruby-2.1.0/lib/ruby/2.1.0/webrick/httpserver.rb:94:in `run'
  /home/quick/.rvm/rubies/ruby-2.1.0/lib/ruby/2.1.0/webrick/server.rb:295:in `block in start_thread'


  Rendered /home/quick/.rvm/gems/ruby-2.1.0/gems/actionpack-4.1.0.beta1/lib/action_dispatch/middleware/templates/rescues/_source.erb (0.7ms)
  Rendered /home/quick/.rvm/gems/ruby-2.1.0/gems/actionpack-4.1.0.beta1/lib/action_dispatch/middleware/templates/rescues/_trace.html.erb (1.7ms)
  Rendered /home/quick/.rvm/gems/ruby-2.1.0/gems/actionpack-4.1.0.beta1/lib/action_dispatch/middleware/templates/rescues/_request_and_response.html.erb (5.3ms)
  Rendered /home/quick/.rvm/gems/ruby-2.1.0/gems/actionpack-4.1.0.beta1/lib/action_dispatch/middleware/templates/rescues/diagnostics.erb within rescues/layout (66.5ms)
DEPRECATION WARNING: The cattr_* method definitions have been moved into active_support/core_ext/module/attribute_accessors. Please require that instead. (called from block in tsort_each at /home/quick/.rvm/rubies/ruby-2.1.0/lib/ruby/2.1.0/tsort.rb:226)
  [1m[36m (31.5ms)[0m  [1mCREATE TABLE "schema_migrations" ("version" varchar(255) NOT NULL) [0m
  [1m[35m (18.1ms)[0m  CREATE UNIQUE INDEX "unique_schema_migrations" ON "schema_migrations" ("version")
  [1m[36mActiveRecord::SchemaMigration Load (0.2ms)[0m  [1mSELECT "schema_migrations".* FROM "schema_migrations"[0m
Migrating to CreateUsers (20140120114246)
  [1m[35m (0.1ms)[0m  begin transaction
  [1m[36m (2.3ms)[0m  [1mCREATE TABLE "users" ("id" INTEGER PRIMARY KEY AUTOINCREMENT NOT NULL, "email" varchar(255), "password_digest" varchar(255), "created_at" datetime, "updated_at" datetime) [0m
  [1m[35mSQL (2.2ms)[0m  INSERT INTO "schema_migrations" ("version") VALUES (?)  [["version", "20140120114246"]]
  [1m[36m (17.5ms)[0m  [1mcommit transaction[0m
Migrating to CreateRoles (20140120115644)
  [1m[35m (0.1ms)[0m  begin transaction
  [1m[36m (0.5ms)[0m  [1mCREATE TABLE "roles" ("id" INTEGER PRIMARY KEY AUTOINCREMENT NOT NULL, "title" varchar(255), "created_at" datetime, "updated_at" datetime) [0m
  [1m[35mSQL (0.4ms)[0m  INSERT INTO "schema_migrations" ("version") VALUES (?)  [["version", "20140120115644"]]
  [1m[36m (15.5ms)[0m  [1mcommit transaction[0m
Migrating to AddRoleToUser (20140120115732)
  [1m[35m (0.1ms)[0m  begin transaction
  [1m[36m (0.4ms)[0m  [1mALTER TABLE "users" ADD "role_id" integer[0m
  [1m[35m (0.3ms)[0m  CREATE  INDEX "index_users_on_role_id" ON "users" ("role_id")
  [1m[36mSQL (0.2ms)[0m  [1mINSERT INTO "schema_migrations" ("version") VALUES (?)[0m  [["version", "20140120115732"]]
  [1m[35m (14.7ms)[0m  commit transaction
Migrating to AddDefaultRoles (20140120133118)
  [1m[36m (0.1ms)[0m  [1mbegin transaction[0m
  [1m[35mSQL (7.3ms)[0m  INSERT INTO "roles" ("created_at", "title", "updated_at") VALUES (?, ?, ?)  [["created_at", "2014-02-04 16:00:17.677168"], ["title", "admin"], ["updated_at", "2014-02-04 16:00:17.677168"]]
  [1m[36mSQL (0.1ms)[0m  [1mINSERT INTO "roles" ("created_at", "title", "updated_at") VALUES (?, ?, ?)[0m  [["created_at", "2014-02-04 16:00:17.693142"], ["title", "client"], ["updated_at", "2014-02-04 16:00:17.693142"]]
  [1m[35mSQL (2.1ms)[0m  INSERT INTO "schema_migrations" ("version") VALUES (?)  [["version", "20140120133118"]]
  [1m[36m (17.7ms)[0m  [1mcommit transaction[0m
Migrating to AddAdminUser (20140120134037)
  [1m[35m (0.1ms)[0m  begin transaction
  [1m[36mRole Load (0.4ms)[0m  [1mSELECT  "roles".* FROM "roles"  WHERE "roles"."title" = 'admin' LIMIT 1[0m
Binary data inserted for `string` type on column `password_digest`
  [1m[35mSQL (4.2ms)[0m  INSERT INTO "users" ("created_at", "email", "password_digest", "role_id", "updated_at") VALUES (?, ?, ?, ?, ?)  [["created_at", "2014-02-04 16:00:18.004756"], ["email", "admin@admin.com"], ["password_digest", "$2a$10$BH2.Cf.gr9qXIkRBVCR2guB1wQMXTq6O7lYMgSBiAEOUhxzA4wHw."], ["role_id", 1], ["updated_at", "2014-02-04 16:00:18.004756"]]
  [1m[36mSQL (1.1ms)[0m  [1mINSERT INTO "schema_migrations" ("version") VALUES (?)[0m  [["version", "20140120134037"]]
  [1m[35m (18.0ms)[0m  commit transaction
  [1m[36mActiveRecord::SchemaMigration Load (0.1ms)[0m  [1mSELECT "schema_migrations".* FROM "schema_migrations"[0m
DEPRECATION WARNING: The cattr_* method definitions have been moved into active_support/core_ext/module/attribute_accessors. Please require that instead. (called from block in tsort_each at /home/quick/.rvm/rubies/ruby-2.1.0/lib/ruby/2.1.0/tsort.rb:226)


Started GET "/" for 10.10.3.143 at 2014-02-04 20:00:27 +0400
  [1m[36mActiveRecord::SchemaMigration Load (0.1ms)[0m  [1mSELECT "schema_migrations".* FROM "schema_migrations"[0m
Processing by MainController#index as HTML
  [1m[35mUser Load (0.2ms)[0m  SELECT  "users".* FROM "users"  WHERE "users"."id" IS NULL LIMIT 1
Redirected to http://10.10.3.148:3000/login
Filter chain halted as :authorize rendered or redirected
Completed 302 Found in 88ms (ActiveRecord: 0.2ms)


Started GET "/login" for 10.10.3.143 at 2014-02-04 20:00:27 +0400
Processing by SessionsController#new as HTML
  Rendered sessions/new.html.haml within layouts/application (34.3ms)
  [1m[36mUser Load (0.7ms)[0m  [1mSELECT  "users".* FROM "users"  WHERE "users"."id" IS NULL LIMIT 1[0m
  [1m[35mCACHE (0.0ms)[0m  SELECT  "users".* FROM "users"  WHERE "users"."id" IS NULL LIMIT 1
Completed 200 OK in 1950ms (Views: 1945.6ms | ActiveRecord: 0.7ms)


Started GET "/login" for 10.10.3.143 at 2014-02-04 20:00:29 +0400
Processing by SessionsController#new as HTML
  Rendered sessions/new.html.haml within layouts/application (8.5ms)
  [1m[36mUser Load (0.2ms)[0m  [1mSELECT  "users".* FROM "users"  WHERE "users"."id" IS NULL LIMIT 1[0m
  [1m[35mCACHE (0.0ms)[0m  SELECT  "users".* FROM "users"  WHERE "users"."id" IS NULL LIMIT 1
Completed 200 OK in 46ms (Views: 43.4ms | ActiveRecord: 0.3ms)


Started GET "/assets/charts.css?body=1" for 10.10.3.143 at 2014-02-04 20:00:30 +0400


Started GET "/assets/application.css?body=1" for 10.10.3.143 at 2014-02-04 20:00:30 +0400


Started GET "/assets/users.css?body=1" for 10.10.3.143 at 2014-02-04 20:00:30 +0400


Started GET "/assets/sessions.css?body=1" for 10.10.3.143 at 2014-02-04 20:00:30 +0400


Started GET "/assets/scaffolds.css?body=1" for 10.10.3.143 at 2014-02-04 20:00:30 +0400


Started GET "/assets/main.css?body=1" for 10.10.3.143 at 2014-02-04 20:00:30 +0400


Started GET "/assets/jquery.js?body=1" for 10.10.3.143 at 2014-02-04 20:00:30 +0400


Started GET "/assets/jquery_ujs.js?body=1" for 10.10.3.143 at 2014-02-04 20:00:30 +0400


Started GET "/assets/turbolinks.js?body=1" for 10.10.3.143 at 2014-02-04 20:00:30 +0400


Started GET "/assets/chart.js?body=1" for 10.10.3.143 at 2014-02-04 20:00:30 +0400


Started GET "/assets/main.js?body=1" for 10.10.3.143 at 2014-02-04 20:00:30 +0400


Started GET "/assets/sessions.js?body=1" for 10.10.3.143 at 2014-02-04 20:00:30 +0400


Started GET "/assets/users.js?body=1" for 10.10.3.143 at 2014-02-04 20:00:30 +0400


Started GET "/assets/highcharts/highcharts.js?body=1" for 10.10.3.143 at 2014-02-04 20:00:30 +0400


Started GET "/assets/highcharts/highcharts-more.js?body=1" for 10.10.3.143 at 2014-02-04 20:00:30 +0400


Started GET "/assets/highcharts/modules/exporting.js?body=1" for 10.10.3.143 at 2014-02-04 20:00:30 +0400


Started GET "/assets/application.js?body=1" for 10.10.3.143 at 2014-02-04 20:00:30 +0400


Started GET "/assets/background_main.jpg" for 10.10.3.143 at 2014-02-04 20:00:30 +0400


Started GET "/assets/favicon.ico" for 10.10.3.143 at 2014-02-04 20:00:30 +0400


Started POST "/login" for 10.10.3.143 at 2014-02-04 20:00:39 +0400
Processing by SessionsController#create as HTML
  Parameters: {"utf8"=>"✓", "authenticity_token"=>"Nbwfng2EpP7aw47xBMdOzpsH/naz+RAUGUr0ORreOxs=", "email"=>"admin@admin.com", "password"=>"[FILTERED]", "commit"=>"login"}
  [1m[36mUser Load (0.2ms)[0m  [1mSELECT  "users".* FROM "users"  WHERE "users"."email" = 'admin@admin.com' LIMIT 1[0m
Redirected to http://10.10.3.148:3000/
Completed 302 Found in 127ms (ActiveRecord: 0.6ms)


Started GET "/" for 10.10.3.143 at 2014-02-04 20:00:40 +0400
Processing by MainController#index as HTML
  [1m[35mUser Load (0.5ms)[0m  SELECT  "users".* FROM "users"  WHERE "users"."id" = 1 LIMIT 1
  [1m[36mRole Load (0.2ms)[0m  [1mSELECT  "roles".* FROM "roles"  WHERE "roles"."id" = ?  ORDER BY "roles"."id" ASC LIMIT 1[0m  [["id", 1]]
  Rendered charts/_game_online.html.haml (8.2ms)
  Rendered main/index.html.haml within layouts/application (25.0ms)
Completed 200 OK in 175ms (Views: 51.4ms | ActiveRecord: 1.0ms)


Started GET "/assets/main.css?body=1" for 10.10.3.143 at 2014-02-04 20:00:40 +0400


Started GET "/assets/sessions.css?body=1" for 10.10.3.143 at 2014-02-04 20:00:40 +0400


Started GET "/assets/users.css?body=1" for 10.10.3.143 at 2014-02-04 20:00:40 +0400


Started GET "/assets/scaffolds.css?body=1" for 10.10.3.143 at 2014-02-04 20:00:40 +0400


Started GET "/assets/charts.css?body=1" for 10.10.3.143 at 2014-02-04 20:00:40 +0400


Started GET "/assets/application.css?body=1" for 10.10.3.143 at 2014-02-04 20:00:40 +0400


Started GET "/assets/jquery.js?body=1" for 10.10.3.143 at 2014-02-04 20:00:40 +0400


Started GET "/assets/jquery_ujs.js?body=1" for 10.10.3.143 at 2014-02-04 20:00:40 +0400


Started GET "/assets/turbolinks.js?body=1" for 10.10.3.143 at 2014-02-04 20:00:40 +0400


Started GET "/assets/chart.js?body=1" for 10.10.3.143 at 2014-02-04 20:00:40 +0400


Started GET "/assets/main.js?body=1" for 10.10.3.143 at 2014-02-04 20:00:40 +0400


Started GET "/assets/sessions.js?body=1" for 10.10.3.143 at 2014-02-04 20:00:40 +0400


Started GET "/assets/users.js?body=1" for 10.10.3.143 at 2014-02-04 20:00:40 +0400


Started GET "/assets/highcharts/highcharts.js?body=1" for 10.10.3.143 at 2014-02-04 20:00:40 +0400


Started GET "/assets/highcharts/highcharts-more.js?body=1" for 10.10.3.143 at 2014-02-04 20:00:40 +0400


Started GET "/assets/highcharts/modules/exporting.js?body=1" for 10.10.3.143 at 2014-02-04 20:00:40 +0400


Started GET "/assets/application.js?body=1" for 10.10.3.143 at 2014-02-04 20:00:40 +0400


Started GET "/on_date" for 10.10.3.143 at 2014-02-04 20:00:42 +0400
Processing by ChartsController#on_date as HTML
  [1m[35mUser Load (0.8ms)[0m  SELECT  "users".* FROM "users"  WHERE "users"."id" = 1 LIMIT 1
  [1m[36mRole Load (0.2ms)[0m  [1mSELECT  "roles".* FROM "roles"  WHERE "roles"."id" = ?  ORDER BY "roles"."id" ASC LIMIT 1[0m  [["id", 1]]
  Rendered charts/_game_online_select.html.haml (53.0ms)
  Rendered charts/on_date.haml within layouts/application (80.8ms)
Completed 200 OK in 174ms (Views: 115.4ms | ActiveRecord: 1.0ms)


Started POST "/game_online_select" for 10.10.3.143 at 2014-02-04 20:00:45 +0400
Processing by ChartsController#game_online_select as JS
  Parameters: {"utf8"=>"✓", "date"=>{"year"=>"2014", "month"=>"2", "day"=>"1"}, "commit"=>"Get period"}
  [1m[35mUser Load (0.3ms)[0m  SELECT  "users".* FROM "users"  WHERE "users"."id" = 1 LIMIT 1
  [1m[36mRole Load (0.1ms)[0m  [1mSELECT  "roles".* FROM "roles"  WHERE "roles"."id" = ?  ORDER BY "roles"."id" ASC LIMIT 1[0m  [["id", 1]]
  Rendered charts/_game_online_select.html.haml (29.8ms)
  Rendered charts/game_online_select.js.erb (53.8ms)
Completed 200 OK in 118ms (Views: 79.9ms | ActiveRecord: 0.4ms)


Started POST "/game_online_select" for 10.10.3.143 at 2014-02-04 20:00:47 +0400
Processing by ChartsController#game_online_select as JS
  Parameters: {"utf8"=>"✓", "date"=>{"year"=>"2014", "month"=>"2", "day"=>"2"}, "commit"=>"Get period"}
  [1m[35mUser Load (0.3ms)[0m  SELECT  "users".* FROM "users"  WHERE "users"."id" = 1 LIMIT 1
  [1m[36mRole Load (0.1ms)[0m  [1mSELECT  "roles".* FROM "roles"  WHERE "roles"."id" = ?  ORDER BY "roles"."id" ASC LIMIT 1[0m  [["id", 1]]
  Rendered charts/_game_online_select.html.haml (82.2ms)
  Rendered charts/game_online_select.js.erb (97.8ms)
Completed 200 OK in 143ms (Views: 106.1ms | ActiveRecord: 0.4ms)


Started POST "/game_online_select" for 10.10.3.143 at 2014-02-04 20:00:50 +0400
Processing by ChartsController#game_online_select as JS
  Parameters: {"utf8"=>"✓", "date"=>{"year"=>"2014", "month"=>"2", "day"=>"1"}, "commit"=>"Get period"}
  [1m[35mUser Load (0.2ms)[0m  SELECT  "users".* FROM "users"  WHERE "users"."id" = 1 LIMIT 1
  [1m[36mRole Load (0.1ms)[0m  [1mSELECT  "roles".* FROM "roles"  WHERE "roles"."id" = ?  ORDER BY "roles"."id" ASC LIMIT 1[0m  [["id", 1]]
  Rendered charts/_game_online_select.html.haml (44.5ms)
  Rendered charts/game_online_select.js.erb (58.1ms)
Completed 200 OK in 114ms (Views: 77.4ms | ActiveRecord: 0.3ms)


Started POST "/game_online_select" for 10.10.3.143 at 2014-02-04 20:00:57 +0400
Processing by ChartsController#game_online_select as JS
  Parameters: {"utf8"=>"✓", "date"=>{"year"=>"2014", "month"=>"2", "day"=>"2"}, "commit"=>"Get period"}
  [1m[35mUser Load (0.4ms)[0m  SELECT  "users".* FROM "users"  WHERE "users"."id" = 1 LIMIT 1
  [1m[36mRole Load (0.1ms)[0m  [1mSELECT  "roles".* FROM "roles"  WHERE "roles"."id" = ?  ORDER BY "roles"."id" ASC LIMIT 1[0m  [["id", 1]]
  Rendered charts/_game_online_select.html.haml (36.3ms)
  Rendered charts/game_online_select.js.erb (56.0ms)
Completed 200 OK in 101ms (Views: 68.2ms | ActiveRecord: 0.5ms)


Started POST "/game_online_select" for 10.10.3.143 at 2014-02-04 20:01:01 +0400
Processing by ChartsController#game_online_select as JS
  Parameters: {"utf8"=>"✓", "date"=>{"year"=>"2014", "month"=>"2", "day"=>"1"}, "commit"=>"Get period"}
  [1m[35mUser Load (0.3ms)[0m  SELECT  "users".* FROM "users"  WHERE "users"."id" = 1 LIMIT 1
  [1m[36mRole Load (0.1ms)[0m  [1mSELECT  "roles".* FROM "roles"  WHERE "roles"."id" = ?  ORDER BY "roles"."id" ASC LIMIT 1[0m  [["id", 1]]
  Rendered charts/_game_online_select.html.haml (39.5ms)
  Rendered charts/game_online_select.js.erb (60.5ms)
Completed 200 OK in 120ms (Views: 78.4ms | ActiveRecord: 0.4ms)


Started POST "/game_online_select" for 10.10.3.143 at 2014-02-04 20:01:05 +0400
Processing by ChartsController#game_online_select as JS
  Parameters: {"utf8"=>"✓", "date"=>{"year"=>"2014", "month"=>"2", "day"=>"2"}, "commit"=>"Get period"}
  [1m[35mUser Load (0.3ms)[0m  SELECT  "users".* FROM "users"  WHERE "users"."id" = 1 LIMIT 1
  [1m[36mRole Load (0.1ms)[0m  [1mSELECT  "roles".* FROM "roles"  WHERE "roles"."id" = ?  ORDER BY "roles"."id" ASC LIMIT 1[0m  [["id", 1]]
  Rendered charts/_game_online_select.html.haml (32.0ms)
  Rendered charts/game_online_select.js.erb (49.1ms)
Completed 200 OK in 102ms (Views: 66.0ms | ActiveRecord: 0.4ms)


Started POST "/game_online_select" for 10.10.3.143 at 2014-02-04 20:01:15 +0400
Processing by ChartsController#game_online_select as JS
  Parameters: {"utf8"=>"✓", "date"=>{"year"=>"2014", "month"=>"1", "day"=>"2"}, "commit"=>"Get period"}
  [1m[35mUser Load (0.3ms)[0m  SELECT  "users".* FROM "users"  WHERE "users"."id" = 1 LIMIT 1
  [1m[36mRole Load (0.1ms)[0m  [1mSELECT  "roles".* FROM "roles"  WHERE "roles"."id" = ?  ORDER BY "roles"."id" ASC LIMIT 1[0m  [["id", 1]]
  Rendered charts/_game_online_select.html.haml (35.7ms)
  Rendered charts/game_online_select.js.erb (51.7ms)
Completed 200 OK in 102ms (Views: 65.0ms | ActiveRecord: 0.4ms)


Started POST "/game_online_select" for 10.10.3.143 at 2014-02-04 20:01:21 +0400
Processing by ChartsController#game_online_select as JS
  Parameters: {"utf8"=>"✓", "date"=>{"year"=>"2014", "month"=>"2", "day"=>"2"}, "commit"=>"Get period"}
  [1m[35mUser Load (3.3ms)[0m  SELECT  "users".* FROM "users"  WHERE "users"."id" = 1 LIMIT 1
  [1m[36mRole Load (0.1ms)[0m  [1mSELECT  "roles".* FROM "roles"  WHERE "roles"."id" = ?  ORDER BY "roles"."id" ASC LIMIT 1[0m  [["id", 1]]
  Rendered charts/_game_online_select.html.haml (35.5ms)
  Rendered charts/game_online_select.js.erb (53.8ms)
Completed 200 OK in 106ms (Views: 70.2ms | ActiveRecord: 3.5ms)


Started POST "/game_online_select" for 10.10.3.143 at 2014-02-04 20:01:24 +0400
Processing by ChartsController#game_online_select as JS
  Parameters: {"utf8"=>"✓", "date"=>{"year"=>"2014", "month"=>"2", "day"=>"3"}, "commit"=>"Get period"}
  [1m[35mUser Load (0.4ms)[0m  SELECT  "users".* FROM "users"  WHERE "users"."id" = 1 LIMIT 1
  [1m[36mRole Load (0.1ms)[0m  [1mSELECT  "roles".* FROM "roles"  WHERE "roles"."id" = ?  ORDER BY "roles"."id" ASC LIMIT 1[0m  [["id", 1]]
  Rendered charts/_game_online_select.html.haml (31.7ms)
  Rendered charts/game_online_select.js.erb (50.1ms)
Completed 200 OK in 106ms (Views: 73.0ms | ActiveRecord: 0.5ms)


Started POST "/game_online_select" for 10.10.3.143 at 2014-02-04 20:01:38 +0400
Processing by ChartsController#game_online_select as JS
  Parameters: {"utf8"=>"✓", "date"=>{"year"=>"2014", "month"=>"2", "day"=>"2"}, "commit"=>"Get period"}
  [1m[35mUser Load (0.3ms)[0m  SELECT  "users".* FROM "users"  WHERE "users"."id" = 1 LIMIT 1
  [1m[36mRole Load (0.1ms)[0m  [1mSELECT  "roles".* FROM "roles"  WHERE "roles"."id" = ?  ORDER BY "roles"."id" ASC LIMIT 1[0m  [["id", 1]]
  Rendered charts/_game_online_select.html.haml (37.9ms)
  Rendered charts/game_online_select.js.erb (49.6ms)
Completed 200 OK in 101ms (Views: 67.1ms | ActiveRecord: 0.4ms)


Started POST "/game_online_select" for 10.10.3.143 at 2014-02-04 20:01:39 +0400
Processing by ChartsController#game_online_select as JS
  Parameters: {"utf8"=>"✓", "date"=>{"year"=>"2014", "month"=>"2", "day"=>"2"}, "commit"=>"Get period"}
  [1m[35mUser Load (0.2ms)[0m  SELECT  "users".* FROM "users"  WHERE "users"."id" = 1 LIMIT 1
  [1m[36mRole Load (0.2ms)[0m  [1mSELECT  "roles".* FROM "roles"  WHERE "roles"."id" = ?  ORDER BY "roles"."id" ASC LIMIT 1[0m  [["id", 1]]
  Rendered charts/_game_online_select.html.haml (22.5ms)
  Rendered charts/game_online_select.js.erb (36.8ms)
Completed 200 OK in 86ms (Views: 51.3ms | ActiveRecord: 0.4ms)


Started POST "/game_online_select" for 10.10.3.143 at 2014-02-04 20:01:40 +0400
Processing by ChartsController#game_online_select as JS
  Parameters: {"utf8"=>"✓", "date"=>{"year"=>"2014", "month"=>"2", "day"=>"2"}, "commit"=>"Get period"}
  [1m[35mUser Load (0.2ms)[0m  SELECT  "users".* FROM "users"  WHERE "users"."id" = 1 LIMIT 1
  [1m[36mRole Load (3.7ms)[0m  [1mSELECT  "roles".* FROM "roles"  WHERE "roles"."id" = ?  ORDER BY "roles"."id" ASC LIMIT 1[0m  [["id", 1]]
  Rendered charts/_game_online_select.html.haml (47.2ms)
  Rendered charts/game_online_select.js.erb (62.5ms)
Completed 200 OK in 117ms (Views: 78.8ms | ActiveRecord: 3.9ms)


Started POST "/game_online_select" for 10.10.3.143 at 2014-02-04 20:01:41 +0400
Processing by ChartsController#game_online_select as JS
  Parameters: {"utf8"=>"✓", "date"=>{"year"=>"2014", "month"=>"2", "day"=>"2"}, "commit"=>"Get period"}
  [1m[35mUser Load (0.3ms)[0m  SELECT  "users".* FROM "users"  WHERE "users"."id" = 1 LIMIT 1
  [1m[36mRole Load (0.1ms)[0m  [1mSELECT  "roles".* FROM "roles"  WHERE "roles"."id" = ?  ORDER BY "roles"."id" ASC LIMIT 1[0m  [["id", 1]]
  Rendered charts/_game_online_select.html.haml (41.1ms)
  Rendered charts/game_online_select.js.erb (58.9ms)
Completed 200 OK in 107ms (Views: 71.2ms | ActiveRecord: 0.4ms)


Started POST "/game_online_select" for 10.10.3.143 at 2014-02-04 20:01:41 +0400
Processing by ChartsController#game_online_select as JS
  Parameters: {"utf8"=>"✓", "date"=>{"year"=>"2014", "month"=>"2", "day"=>"2"}, "commit"=>"Get period"}
  [1m[35mUser Load (0.3ms)[0m  SELECT  "users".* FROM "users"  WHERE "users"."id" = 1 LIMIT 1
  [1m[36mRole Load (0.1ms)[0m  [1mSELECT  "roles".* FROM "roles"  WHERE "roles"."id" = ?  ORDER BY "roles"."id" ASC LIMIT 1[0m  [["id", 1]]
  Rendered charts/_game_online_select.html.haml (43.9ms)
  Rendered charts/game_online_select.js.erb (54.7ms)
Completed 200 OK in 103ms (Views: 75.7ms | ActiveRecord: 0.4ms)


Started POST "/game_online_select" for 10.10.3.143 at 2014-02-04 20:01:42 +0400
Processing by ChartsController#game_online_select as JS
  Parameters: {"utf8"=>"✓", "date"=>{"year"=>"2014", "month"=>"2", "day"=>"2"}, "commit"=>"Get period"}
  [1m[35mUser Load (0.2ms)[0m  SELECT  "users".* FROM "users"  WHERE "users"."id" = 1 LIMIT 1
  [1m[36mRole Load (4.5ms)[0m  [1mSELECT  "roles".* FROM "roles"  WHERE "roles"."id" = ?  ORDER BY "roles"."id" ASC LIMIT 1[0m  [["id", 1]]
  Rendered charts/_game_online_select.html.haml (30.8ms)
  Rendered charts/game_online_select.js.erb (43.3ms)
Completed 200 OK in 88ms (Views: 59.1ms | ActiveRecord: 4.7ms)


Started POST "/game_online_select" for 10.10.3.143 at 2014-02-04 20:01:42 +0400
Processing by ChartsController#game_online_select as JS
  Parameters: {"utf8"=>"✓", "date"=>{"year"=>"2014", "month"=>"2", "day"=>"2"}, "commit"=>"Get period"}
  [1m[35mUser Load (0.2ms)[0m  SELECT  "users".* FROM "users"  WHERE "users"."id" = 1 LIMIT 1
  [1m[36mRole Load (2.8ms)[0m  [1mSELECT  "roles".* FROM "roles"  WHERE "roles"."id" = ?  ORDER BY "roles"."id" ASC LIMIT 1[0m  [["id", 1]]
  Rendered charts/_game_online_select.html.haml (38.2ms)
  Rendered charts/game_online_select.js.erb (50.7ms)
Completed 200 OK in 102ms (Views: 70.3ms | ActiveRecord: 3.1ms)


Started POST "/game_online_select" for 10.10.3.143 at 2014-02-04 20:01:42 +0400
Processing by ChartsController#game_online_select as JS
  Parameters: {"utf8"=>"✓", "date"=>{"year"=>"2014", "month"=>"2", "day"=>"2"}, "commit"=>"Get period"}
  [1m[35mUser Load (0.2ms)[0m  SELECT  "users".* FROM "users"  WHERE "users"."id" = 1 LIMIT 1
  [1m[36mRole Load (0.2ms)[0m  [1mSELECT  "roles".* FROM "roles"  WHERE "roles"."id" = ?  ORDER BY "roles"."id" ASC LIMIT 1[0m  [["id", 1]]
  Rendered charts/_game_online_select.html.haml (29.8ms)
  Rendered charts/game_online_select.js.erb (40.7ms)
Completed 200 OK in 87ms (Views: 57.6ms | ActiveRecord: 0.4ms)


Started POST "/game_online_select" for 10.10.3.143 at 2014-02-04 20:01:43 +0400
Processing by ChartsController#game_online_select as JS
  Parameters: {"utf8"=>"✓", "date"=>{"year"=>"2014", "month"=>"2", "day"=>"2"}, "commit"=>"Get period"}
  [1m[35mUser Load (0.3ms)[0m  SELECT  "users".* FROM "users"  WHERE "users"."id" = 1 LIMIT 1
  [1m[36mRole Load (0.1ms)[0m  [1mSELECT  "roles".* FROM "roles"  WHERE "roles"."id" = ?  ORDER BY "roles"."id" ASC LIMIT 1[0m  [["id", 1]]
  Rendered charts/_game_online_select.html.haml (38.2ms)
  Rendered charts/game_online_select.js.erb (54.1ms)
Completed 200 OK in 103ms (Views: 65.9ms | ActiveRecord: 0.4ms)


Started POST "/game_online_select" for 10.10.3.143 at 2014-02-04 20:01:43 +0400
Processing by ChartsController#game_online_select as JS
  Parameters: {"utf8"=>"✓", "date"=>{"year"=>"2014", "month"=>"2", "day"=>"2"}, "commit"=>"Get period"}
  [1m[35mUser Load (0.2ms)[0m  SELECT  "users".* FROM "users"  WHERE "users"."id" = 1 LIMIT 1
  [1m[36mRole Load (4.4ms)[0m  [1mSELECT  "roles".* FROM "roles"  WHERE "roles"."id" = ?  ORDER BY "roles"."id" ASC LIMIT 1[0m  [["id", 1]]
  Rendered charts/_game_online_select.html.haml (30.6ms)
  Rendered charts/game_online_select.js.erb (47.0ms)
Completed 200 OK in 96ms (Views: 66.1ms | ActiveRecord: 4.6ms)


Started POST "/game_online_select" for 10.10.3.143 at 2014-02-04 20:01:43 +0400
Processing by ChartsController#game_online_select as JS
  Parameters: {"utf8"=>"✓", "date"=>{"year"=>"2014", "month"=>"2", "day"=>"2"}, "commit"=>"Get period"}
  [1m[35mUser Load (0.3ms)[0m  SELECT  "users".* FROM "users"  WHERE "users"."id" = 1 LIMIT 1
  [1m[36mRole Load (0.1ms)[0m  [1mSELECT  "roles".* FROM "roles"  WHERE "roles"."id" = ?  ORDER BY "roles"."id" ASC LIMIT 1[0m  [["id", 1]]
  Rendered charts/_game_online_select.html.haml (32.3ms)
  Rendered charts/game_online_select.js.erb (43.3ms)
Completed 200 OK in 90ms (Views: 61.0ms | ActiveRecord: 0.4ms)


Started POST "/game_online_select" for 10.10.3.143 at 2014-02-04 20:01:44 +0400
Processing by ChartsController#game_online_select as JS
  Parameters: {"utf8"=>"✓", "date"=>{"year"=>"2014", "month"=>"2", "day"=>"2"}, "commit"=>"Get period"}
  [1m[35mUser Load (0.2ms)[0m  SELECT  "users".* FROM "users"  WHERE "users"."id" = 1 LIMIT 1
  [1m[36mRole Load (0.3ms)[0m  [1mSELECT  "roles".* FROM "roles"  WHERE "roles"."id" = ?  ORDER BY "roles"."id" ASC LIMIT 1[0m  [["id", 1]]
  Rendered charts/_game_online_select.html.haml (29.4ms)
  Rendered charts/game_online_select.js.erb (48.7ms)
Completed 200 OK in 103ms (Views: 65.0ms | ActiveRecord: 0.5ms)


Started POST "/game_online_select" for 10.10.3.143 at 2014-02-04 20:01:44 +0400
Processing by ChartsController#game_online_select as JS
  Parameters: {"utf8"=>"✓", "date"=>{"year"=>"2014", "month"=>"2", "day"=>"2"}, "commit"=>"Get period"}
  [1m[35mUser Load (0.3ms)[0m  SELECT  "users".* FROM "users"  WHERE "users"."id" = 1 LIMIT 1
  [1m[36mRole Load (0.1ms)[0m  [1mSELECT  "roles".* FROM "roles"  WHERE "roles"."id" = ?  ORDER BY "roles"."id" ASC LIMIT 1[0m  [["id", 1]]
  Rendered charts/_game_online_select.html.haml (22.8ms)
  Rendered charts/game_online_select.js.erb (37.1ms)
Completed 200 OK in 92ms (Views: 57.3ms | ActiveRecord: 0.4ms)


Started POST "/game_online_select" for 10.10.3.143 at 2014-02-04 20:01:44 +0400
Processing by ChartsController#game_online_select as JS
  Parameters: {"utf8"=>"✓", "date"=>{"year"=>"2014", "month"=>"2", "day"=>"2"}, "commit"=>"Get period"}
  [1m[35mUser Load (0.3ms)[0m  SELECT  "users".* FROM "users"  WHERE "users"."id" = 1 LIMIT 1
  [1m[36mRole Load (0.1ms)[0m  [1mSELECT  "roles".* FROM "roles"  WHERE "roles"."id" = ?  ORDER BY "roles"."id" ASC LIMIT 1[0m  [["id", 1]]
  Rendered charts/_game_online_select.html.haml (69.6ms)
  Rendered charts/game_online_select.js.erb (84.1ms)
Completed 200 OK in 145ms (Views: 108.1ms | ActiveRecord: 0.4ms)


Started POST "/game_online_select" for 10.10.3.143 at 2014-02-04 20:01:44 +0400
Processing by ChartsController#game_online_select as JS
  Parameters: {"utf8"=>"✓", "date"=>{"year"=>"2014", "month"=>"2", "day"=>"2"}, "commit"=>"Get period"}
  [1m[35mUser Load (0.3ms)[0m  SELECT  "users".* FROM "users"  WHERE "users"."id" = 1 LIMIT 1
  [1m[36mRole Load (0.1ms)[0m  [1mSELECT  "roles".* FROM "roles"  WHERE "roles"."id" = ?  ORDER BY "roles"."id" ASC LIMIT 1[0m  [["id", 1]]
  Rendered charts/_game_online_select.html.haml (42.7ms)
  Rendered charts/game_online_select.js.erb (57.0ms)
Completed 200 OK in 140ms (Views: 83.7ms | ActiveRecord: 0.5ms)


Started POST "/game_online_select" for 10.10.3.143 at 2014-02-04 20:01:44 +0400
Processing by ChartsController#game_online_select as JS
  Parameters: {"utf8"=>"✓", "date"=>{"year"=>"2014", "month"=>"2", "day"=>"2"}, "commit"=>"Get period"}
  [1m[35mUser Load (0.3ms)[0m  SELECT  "users".* FROM "users"  WHERE "users"."id" = 1 LIMIT 1
  [1m[36mRole Load (0.2ms)[0m  [1mSELECT  "roles".* FROM "roles"  WHERE "roles"."id" = ?  ORDER BY "roles"."id" ASC LIMIT 1[0m  [["id", 1]]
  Rendered charts/_game_online_select.html.haml (44.0ms)
  Rendered charts/game_online_select.js.erb (65.4ms)
Completed 200 OK in 135ms (Views: 85.2ms | ActiveRecord: 0.5ms)


Started POST "/game_online_select" for 10.10.3.143 at 2014-02-04 20:01:44 +0400
Processing by ChartsController#game_online_select as JS
  Parameters: {"utf8"=>"✓", "date"=>{"year"=>"2014", "month"=>"2", "day"=>"2"}, "commit"=>"Get period"}
  [1m[35mUser Load (0.3ms)[0m  SELECT  "users".* FROM "users"  WHERE "users"."id" = 1 LIMIT 1
  [1m[36mRole Load (0.1ms)[0m  [1mSELECT  "roles".* FROM "roles"  WHERE "roles"."id" = ?  ORDER BY "roles"."id" ASC LIMIT 1[0m  [["id", 1]]
  Rendered charts/_game_online_select.html.haml (61.5ms)
  Rendered charts/game_online_select.js.erb (77.9ms)
Completed 200 OK in 127ms (Views: 100.5ms | ActiveRecord: 0.4ms)


Started POST "/game_online_select" for 10.10.3.143 at 2014-02-04 20:01:45 +0400
Processing by ChartsController#game_online_select as JS
  Parameters: {"utf8"=>"✓", "date"=>{"year"=>"2014", "month"=>"2", "day"=>"2"}, "commit"=>"Get period"}
  [1m[35mUser Load (0.2ms)[0m  SELECT  "users".* FROM "users"  WHERE "users"."id" = 1 LIMIT 1
  [1m[36mRole Load (0.1ms)[0m  [1mSELECT  "roles".* FROM "roles"  WHERE "roles"."id" = ?  ORDER BY "roles"."id" ASC LIMIT 1[0m  [["id", 1]]
  Rendered charts/_game_online_select.html.haml (66.1ms)
  Rendered charts/game_online_select.js.erb (79.6ms)
Completed 200 OK in 125ms (Views: 95.8ms | ActiveRecord: 0.3ms)


Started POST "/game_online_select" for 10.10.3.143 at 2014-02-04 20:01:45 +0400
Processing by ChartsController#game_online_select as JS
  Parameters: {"utf8"=>"✓", "date"=>{"year"=>"2014", "month"=>"2", "day"=>"2"}, "commit"=>"Get period"}
  [1m[35mUser Load (0.2ms)[0m  SELECT  "users".* FROM "users"  WHERE "users"."id" = 1 LIMIT 1
  [1m[36mRole Load (2.6ms)[0m  [1mSELECT  "roles".* FROM "roles"  WHERE "roles"."id" = ?  ORDER BY "roles"."id" ASC LIMIT 1[0m  [["id", 1]]
  Rendered charts/_game_online_select.html.haml (20.4ms)
  Rendered charts/game_online_select.js.erb (34.7ms)
Completed 200 OK in 86ms (Views: 52.8ms | ActiveRecord: 2.8ms)


Started POST "/game_online_select" for 10.10.3.143 at 2014-02-04 20:01:45 +0400
Processing by ChartsController#game_online_select as JS
  Parameters: {"utf8"=>"✓", "date"=>{"year"=>"2014", "month"=>"2", "day"=>"2"}, "commit"=>"Get period"}
  [1m[35mUser Load (0.3ms)[0m  SELECT  "users".* FROM "users"  WHERE "users"."id" = 1 LIMIT 1
  [1m[36mRole Load (0.1ms)[0m  [1mSELECT  "roles".* FROM "roles"  WHERE "roles"."id" = ?  ORDER BY "roles"."id" ASC LIMIT 1[0m  [["id", 1]]
  Rendered charts/_game_online_select.html.haml (30.5ms)
  Rendered charts/game_online_select.js.erb (40.2ms)
Completed 200 OK in 97ms (Views: 58.8ms | ActiveRecord: 0.4ms)


Started POST "/game_online_select" for 10.10.3.143 at 2014-02-04 20:01:45 +0400
Processing by ChartsController#game_online_select as JS
  Parameters: {"utf8"=>"✓", "date"=>{"year"=>"2014", "month"=>"2", "day"=>"2"}, "commit"=>"Get period"}
  [1m[35mUser Load (0.4ms)[0m  SELECT  "users".* FROM "users"  WHERE "users"."id" = 1 LIMIT 1
  [1m[36mRole Load (0.1ms)[0m  [1mSELECT  "roles".* FROM "roles"  WHERE "roles"."id" = ?  ORDER BY "roles"."id" ASC LIMIT 1[0m  [["id", 1]]
  Rendered charts/_game_online_select.html.haml (33.9ms)
  Rendered charts/game_online_select.js.erb (46.2ms)
Completed 200 OK in 96ms (Views: 62.3ms | ActiveRecord: 0.5ms)


Started POST "/game_online_select" for 10.10.3.143 at 2014-02-04 20:01:47 +0400
Processing by ChartsController#game_online_select as JS
  Parameters: {"utf8"=>"✓", "date"=>{"year"=>"2014", "month"=>"2", "day"=>"2"}, "commit"=>"Get period"}
  [1m[35mUser Load (0.5ms)[0m  SELECT  "users".* FROM "users"  WHERE "users"."id" = 1 LIMIT 1
  [1m[36mRole Load (0.1ms)[0m  [1mSELECT  "roles".* FROM "roles"  WHERE "roles"."id" = ?  ORDER BY "roles"."id" ASC LIMIT 1[0m  [["id", 1]]
  Rendered charts/_game_online_select.html.haml (38.1ms)
  Rendered charts/game_online_select.js.erb (52.5ms)
Completed 200 OK in 103ms (Views: 68.9ms | ActiveRecord: 0.6ms)


Started POST "/game_online_select" for 10.10.3.143 at 2014-02-04 20:01:47 +0400
Processing by ChartsController#game_online_select as JS
  Parameters: {"utf8"=>"✓", "date"=>{"year"=>"2014", "month"=>"2", "day"=>"2"}, "commit"=>"Get period"}
  [1m[35mUser Load (0.3ms)[0m  SELECT  "users".* FROM "users"  WHERE "users"."id" = 1 LIMIT 1
  [1m[36mRole Load (0.1ms)[0m  [1mSELECT  "roles".* FROM "roles"  WHERE "roles"."id" = ?  ORDER BY "roles"."id" ASC LIMIT 1[0m  [["id", 1]]
  Rendered charts/_game_online_select.html.haml (38.6ms)
  Rendered charts/game_online_select.js.erb (50.6ms)
Completed 200 OK in 99ms (Views: 64.0ms | ActiveRecord: 0.4ms)


Started GET "/" for 10.10.3.143 at 2014-02-04 20:02:30 +0400
Processing by MainController#index as HTML
  [1m[35mUser Load (0.4ms)[0m  SELECT  "users".* FROM "users"  WHERE "users"."id" = 1 LIMIT 1
  [1m[36mRole Load (8.4ms)[0m  [1mSELECT  "roles".* FROM "roles"  WHERE "roles"."id" = ?  ORDER BY "roles"."id" ASC LIMIT 1[0m  [["id", 1]]
  Rendered charts/_game_online.html.haml (7.7ms)
  Rendered main/index.html.haml within layouts/application (18.8ms)
Completed 200 OK in 68ms (Views: 36.9ms | ActiveRecord: 8.7ms)


Started GET "/on_date" for 10.10.3.143 at 2014-02-04 20:02:33 +0400
Processing by ChartsController#on_date as HTML
  [1m[35mUser Load (0.4ms)[0m  SELECT  "users".* FROM "users"  WHERE "users"."id" = 1 LIMIT 1
  [1m[36mRole Load (0.1ms)[0m  [1mSELECT  "roles".* FROM "roles"  WHERE "roles"."id" = ?  ORDER BY "roles"."id" ASC LIMIT 1[0m  [["id", 1]]
  Rendered charts/_game_online_select.html.haml (10.2ms)
  Rendered charts/on_date.haml within layouts/application (12.6ms)
Completed 200 OK in 58ms (Views: 33.6ms | ActiveRecord: 0.5ms)


Started POST "/game_online_select" for 10.10.3.143 at 2014-02-04 20:02:36 +0400
Processing by ChartsController#game_online_select as JS
  Parameters: {"utf8"=>"✓", "date"=>{"year"=>"2014", "month"=>"2", "day"=>"2"}, "commit"=>"Get period"}
  [1m[35mUser Load (0.4ms)[0m  SELECT  "users".* FROM "users"  WHERE "users"."id" = 1 LIMIT 1
  [1m[36mRole Load (0.1ms)[0m  [1mSELECT  "roles".* FROM "roles"  WHERE "roles"."id" = ?  ORDER BY "roles"."id" ASC LIMIT 1[0m  [["id", 1]]
  Rendered charts/_game_online_select.html.haml (31.2ms)
  Rendered charts/game_online_select.js.erb (49.0ms)
Completed 200 OK in 109ms (Views: 59.8ms | ActiveRecord: 0.5ms)


Started GET "/on_date" for 10.10.3.143 at 2014-02-04 20:03:57 +0400
Processing by ChartsController#on_date as HTML
  [1m[35mUser Load (0.3ms)[0m  SELECT  "users".* FROM "users"  WHERE "users"."id" = 1 LIMIT 1
  [1m[36mRole Load (0.1ms)[0m  [1mSELECT  "roles".* FROM "roles"  WHERE "roles"."id" = ?  ORDER BY "roles"."id" ASC LIMIT 1[0m  [["id", 1]]
  Rendered charts/_game_online_select.html.haml (10.9ms)
  Rendered charts/on_date.haml within layouts/application (21.9ms)
Completed 200 OK in 65ms (Views: 36.8ms | ActiveRecord: 0.4ms)


Started GET "/assets/users.css?body=1" for 10.10.3.143 at 2014-02-04 20:03:58 +0400


Started GET "/assets/sessions.css?body=1" for 10.10.3.143 at 2014-02-04 20:03:58 +0400


Started GET "/assets/charts.css?body=1" for 10.10.3.143 at 2014-02-04 20:03:58 +0400


Started GET "/assets/main.css?body=1" for 10.10.3.143 at 2014-02-04 20:03:58 +0400


Started GET "/assets/scaffolds.css?body=1" for 10.10.3.143 at 2014-02-04 20:03:58 +0400


Started GET "/assets/application.css?body=1" for 10.10.3.143 at 2014-02-04 20:03:58 +0400


Started GET "/assets/jquery.js?body=1" for 10.10.3.143 at 2014-02-04 20:03:58 +0400


Started GET "/assets/jquery_ujs.js?body=1" for 10.10.3.143 at 2014-02-04 20:03:58 +0400


Started GET "/assets/turbolinks.js?body=1" for 10.10.3.143 at 2014-02-04 20:03:58 +0400


Started GET "/assets/chart.js?body=1" for 10.10.3.143 at 2014-02-04 20:03:58 +0400


Started GET "/assets/main.js?body=1" for 10.10.3.143 at 2014-02-04 20:03:58 +0400


Started GET "/assets/sessions.js?body=1" for 10.10.3.143 at 2014-02-04 20:03:58 +0400


Started GET "/assets/users.js?body=1" for 10.10.3.143 at 2014-02-04 20:03:58 +0400


Started GET "/assets/highcharts/highcharts.js?body=1" for 10.10.3.143 at 2014-02-04 20:03:58 +0400


Started GET "/assets/highcharts/highcharts-more.js?body=1" for 10.10.3.143 at 2014-02-04 20:03:58 +0400


Started GET "/assets/highcharts/modules/exporting.js?body=1" for 10.10.3.143 at 2014-02-04 20:03:58 +0400


Started GET "/assets/application.js?body=1" for 10.10.3.143 at 2014-02-04 20:03:58 +0400


Started GET "/assets/favicon.ico" for 10.10.3.143 at 2014-02-04 20:03:58 +0400


Started POST "/game_online_select" for 10.10.3.143 at 2014-02-04 20:04:00 +0400
Processing by ChartsController#game_online_select as JS
  Parameters: {"utf8"=>"✓", "date"=>{"year"=>"2014", "month"=>"2", "day"=>"4"}, "commit"=>"Get period"}
  [1m[35mUser Load (0.5ms)[0m  SELECT  "users".* FROM "users"  WHERE "users"."id" = 1 LIMIT 1
  [1m[36mRole Load (0.1ms)[0m  [1mSELECT  "roles".* FROM "roles"  WHERE "roles"."id" = ?  ORDER BY "roles"."id" ASC LIMIT 1[0m  [["id", 1]]
  Rendered charts/_game_online_select.html.haml (26.6ms)
  Rendered charts/game_online_select.js.erb (43.7ms)
Completed 200 OK in 85ms (Views: 60.9ms | ActiveRecord: 0.7ms)


Started POST "/game_online_select" for 10.10.3.143 at 2014-02-04 20:04:03 +0400
Processing by ChartsController#game_online_select as JS
  Parameters: {"utf8"=>"✓", "date"=>{"year"=>"2014", "month"=>"2", "day"=>"3"}, "commit"=>"Get period"}
  [1m[35mUser Load (0.3ms)[0m  SELECT  "users".* FROM "users"  WHERE "users"."id" = 1 LIMIT 1
  [1m[36mRole Load (0.1ms)[0m  [1mSELECT  "roles".* FROM "roles"  WHERE "roles"."id" = ?  ORDER BY "roles"."id" ASC LIMIT 1[0m  [["id", 1]]
  Rendered charts/_game_online_select.html.haml (29.8ms)
  Rendered charts/game_online_select.js.erb (49.0ms)
Completed 200 OK in 103ms (Views: 72.6ms | ActiveRecord: 0.4ms)


Started POST "/game_online_select" for 10.10.3.143 at 2014-02-04 20:04:07 +0400
Processing by ChartsController#game_online_select as JS
  Parameters: {"utf8"=>"✓", "date"=>{"year"=>"2014", "month"=>"2", "day"=>"3"}, "commit"=>"Get period"}
  [1m[35mUser Load (0.3ms)[0m  SELECT  "users".* FROM "users"  WHERE "users"."id" = 1 LIMIT 1
  [1m[36mRole Load (0.1ms)[0m  [1mSELECT  "roles".* FROM "roles"  WHERE "roles"."id" = ?  ORDER BY "roles"."id" ASC LIMIT 1[0m  [["id", 1]]
  Rendered charts/_game_online_select.html.haml (30.8ms)
  Rendered charts/game_online_select.js.erb (45.9ms)
Completed 200 OK in 94ms (Views: 59.9ms | ActiveRecord: 0.4ms)


Started POST "/game_online_select" for 10.10.3.143 at 2014-02-04 20:04:13 +0400
Processing by ChartsController#game_online_select as JS
  Parameters: {"utf8"=>"✓", "date"=>{"year"=>"2014", "month"=>"2", "day"=>"1"}, "commit"=>"Get period"}
  [1m[35mUser Load (0.5ms)[0m  SELECT  "users".* FROM "users"  WHERE "users"."id" = 1 LIMIT 1
  [1m[36mRole Load (0.1ms)[0m  [1mSELECT  "roles".* FROM "roles"  WHERE "roles"."id" = ?  ORDER BY "roles"."id" ASC LIMIT 1[0m  [["id", 1]]
  Rendered charts/_game_online_select.html.haml (29.4ms)
  Rendered charts/game_online_select.js.erb (41.0ms)
Completed 200 OK in 105ms (Views: 61.2ms | ActiveRecord: 0.6ms)
DEPRECATION WARNING: The cattr_* method definitions have been moved into active_support/core_ext/module/attribute_accessors. Please require that instead. (called from block in tsort_each at /home/quick/.rvm/rubies/ruby-2.1.0/lib/ruby/2.1.0/tsort.rb:226)


Started POST "/game_online_select" for 10.10.3.143 at 2014-02-04 20:04:22 +0400
  [1m[36mActiveRecord::SchemaMigration Load (0.1ms)[0m  [1mSELECT "schema_migrations".* FROM "schema_migrations"[0m
Processing by ChartsController#game_online_select as JS
  Parameters: {"utf8"=>"✓", "date"=>{"year"=>"2014", "month"=>"2", "day"=>"1"}, "commit"=>"Get period"}
  [1m[35mUser Load (0.3ms)[0m  SELECT  "users".* FROM "users"  WHERE "users"."id" = 1 LIMIT 1
  [1m[36mRole Load (0.3ms)[0m  [1mSELECT  "roles".* FROM "roles"  WHERE "roles"."id" = ?  ORDER BY "roles"."id" ASC LIMIT 1[0m  [["id", 1]]
  Rendered charts/_game_online_select.html.haml (37.9ms)
  Rendered charts/game_online_select.js.erb (47.4ms)
Completed 200 OK in 221ms (Views: 64.3ms | ActiveRecord: 1.2ms)


Started POST "/game_online_select" for 10.10.3.143 at 2014-02-04 20:04:26 +0400
Processing by ChartsController#game_online_select as JS
  Parameters: {"utf8"=>"✓", "date"=>{"year"=>"2014", "month"=>"2", "day"=>"1"}, "commit"=>"Get period"}
  [1m[35mUser Load (0.3ms)[0m  SELECT  "users".* FROM "users"  WHERE "users"."id" = 1 LIMIT 1
  [1m[36mRole Load (0.1ms)[0m  [1mSELECT  "roles".* FROM "roles"  WHERE "roles"."id" = ?  ORDER BY "roles"."id" ASC LIMIT 1[0m  [["id", 1]]
  Rendered charts/_game_online_select.html.haml (35.8ms)
  Rendered charts/game_online_select.js.erb (54.5ms)
Completed 200 OK in 102ms (Views: 67.0ms | ActiveRecord: 0.4ms)


Started POST "/game_online_select" for 10.10.3.143 at 2014-02-04 20:04:34 +0400
Processing by ChartsController#game_online_select as JS
  Parameters: {"utf8"=>"✓", "date"=>{"year"=>"2014", "month"=>"2", "day"=>"2"}, "commit"=>"Get period"}
  [1m[35mUser Load (0.2ms)[0m  SELECT  "users".* FROM "users"  WHERE "users"."id" = 1 LIMIT 1
  [1m[36mRole Load (0.3ms)[0m  [1mSELECT  "roles".* FROM "roles"  WHERE "roles"."id" = ?  ORDER BY "roles"."id" ASC LIMIT 1[0m  [["id", 1]]
  Rendered charts/_game_online_select.html.haml (22.4ms)
  Rendered charts/game_online_select.js.erb (31.2ms)
Completed 200 OK in 103ms (Views: 46.5ms | ActiveRecord: 0.6ms)


Started POST "/game_online_select" for 10.10.3.143 at 2014-02-04 20:04:36 +0400
Processing by ChartsController#game_online_select as JS
  Parameters: {"utf8"=>"✓", "date"=>{"year"=>"2014", "month"=>"2", "day"=>"2"}, "commit"=>"Get period"}
  [1m[35mUser Load (0.3ms)[0m  SELECT  "users".* FROM "users"  WHERE "users"."id" = 1 LIMIT 1
  [1m[36mRole Load (0.0ms)[0m  [1mSELECT  "roles".* FROM "roles"  WHERE "roles"."id" = ?  ORDER BY "roles"."id" ASC LIMIT 1[0m  [["id", 1]]
  Rendered charts/_game_online_select.html.haml (27.0ms)
  Rendered charts/game_online_select.js.erb (39.7ms)
Completed 200 OK in 95ms (Views: 61.6ms | ActiveRecord: 0.3ms)
DEPRECATION WARNING: The cattr_* method definitions have been moved into active_support/core_ext/module/attribute_accessors. Please require that instead. (called from block in tsort_each at /home/quick/.rvm/rubies/ruby-2.1.0/lib/ruby/2.1.0/tsort.rb:226)


Started GET "/" for 10.10.3.143 at 2014-02-04 20:21:10 +0400
  [1m[36mActiveRecord::SchemaMigration Load (0.1ms)[0m  [1mSELECT "schema_migrations".* FROM "schema_migrations"[0m
Processing by MainController#index as HTML
  [1m[35mUser Load (0.3ms)[0m  SELECT  "users".* FROM "users"  WHERE "users"."id" IS NULL LIMIT 1
Redirected to http://10.10.3.148:3000/login
Filter chain halted as :authorize rendered or redirected
Completed 302 Found in 102ms (ActiveRecord: 0.3ms)


Started GET "/login" for 10.10.3.143 at 2014-02-04 20:21:11 +0400
Processing by SessionsController#new as HTML
  Rendered sessions/new.html.haml within layouts/application (33.9ms)
  [1m[36mUser Load (0.2ms)[0m  [1mSELECT  "users".* FROM "users"  WHERE "users"."id" IS NULL LIMIT 1[0m
  [1m[35mCACHE (0.0ms)[0m  SELECT  "users".* FROM "users"  WHERE "users"."id" IS NULL LIMIT 1
Completed 200 OK in 192ms (Views: 189.5ms | ActiveRecord: 0.2ms)


Started GET "/assets/charts.css?body=1" for 10.10.3.143 at 2014-02-04 20:21:11 +0400


Started GET "/assets/application.css?body=1" for 10.10.3.143 at 2014-02-04 20:21:11 +0400


Started GET "/assets/main.css?body=1" for 10.10.3.143 at 2014-02-04 20:21:11 +0400


Started GET "/assets/users.css?body=1" for 10.10.3.143 at 2014-02-04 20:21:11 +0400


Started GET "/assets/sessions.css?body=1" for 10.10.3.143 at 2014-02-04 20:21:11 +0400


Started GET "/assets/scaffolds.css?body=1" for 10.10.3.143 at 2014-02-04 20:21:11 +0400


Started GET "/assets/jquery.js?body=1" for 10.10.3.143 at 2014-02-04 20:21:11 +0400


Started GET "/assets/jquery_ujs.js?body=1" for 10.10.3.143 at 2014-02-04 20:21:11 +0400


Started GET "/assets/turbolinks.js?body=1" for 10.10.3.143 at 2014-02-04 20:21:11 +0400


Started GET "/assets/chart.js?body=1" for 10.10.3.143 at 2014-02-04 20:21:11 +0400


Started GET "/assets/main.js?body=1" for 10.10.3.143 at 2014-02-04 20:21:11 +0400


Started GET "/assets/sessions.js?body=1" for 10.10.3.143 at 2014-02-04 20:21:11 +0400


Started GET "/assets/users.js?body=1" for 10.10.3.143 at 2014-02-04 20:21:11 +0400


Started GET "/assets/highcharts/highcharts.js?body=1" for 10.10.3.143 at 2014-02-04 20:21:11 +0400


Started GET "/assets/highcharts/highcharts-more.js?body=1" for 10.10.3.143 at 2014-02-04 20:21:11 +0400


Started GET "/assets/highcharts/modules/exporting.js?body=1" for 10.10.3.143 at 2014-02-04 20:21:11 +0400


Started GET "/assets/application.js?body=1" for 10.10.3.143 at 2014-02-04 20:21:11 +0400


Started GET "/assets/background_main.jpg" for 10.10.3.143 at 2014-02-04 20:21:11 +0400


Started GET "/assets/favicon.ico" for 10.10.3.143 at 2014-02-04 20:21:12 +0400


Started POST "/login" for 10.10.3.143 at 2014-02-04 20:21:17 +0400
Processing by SessionsController#create as HTML
  Parameters: {"utf8"=>"✓", "authenticity_token"=>"tNCN80PSsiqLjeWKQ87mVeVBcUSJNYdeMihs37F73XY=", "email"=>"admin@admin.com", "password"=>"[FILTERED]", "commit"=>"login"}
  [1m[36mUser Load (0.3ms)[0m  [1mSELECT  "users".* FROM "users"  WHERE "users"."email" = 'admin@admin.com' LIMIT 1[0m
Redirected to http://10.10.3.148:3000/
Completed 302 Found in 132ms (ActiveRecord: 0.8ms)


Started GET "/" for 10.10.3.143 at 2014-02-04 20:21:17 +0400
Processing by MainController#index as HTML
  [1m[35mUser Load (0.3ms)[0m  SELECT  "users".* FROM "users"  WHERE "users"."id" = 1 LIMIT 1
  [1m[36mRole Load (0.2ms)[0m  [1mSELECT  "roles".* FROM "roles"  WHERE "roles"."id" = ?  ORDER BY "roles"."id" ASC LIMIT 1[0m  [["id", 1]]
  Rendered charts/_game_online.html.haml (4.7ms)
  Rendered main/index.html.haml within layouts/application (11.1ms)
Completed 200 OK in 102ms (Views: 44.3ms | ActiveRecord: 0.9ms)


Started GET "/assets/main.css?body=1" for 10.10.3.143 at 2014-02-04 20:21:17 +0400


Started GET "/assets/scaffolds.css?body=1" for 10.10.3.143 at 2014-02-04 20:21:17 +0400


Started GET "/assets/sessions.css?body=1" for 10.10.3.143 at 2014-02-04 20:21:17 +0400


Started GET "/assets/application.css?body=1" for 10.10.3.143 at 2014-02-04 20:21:17 +0400


Started GET "/assets/charts.css?body=1" for 10.10.3.143 at 2014-02-04 20:21:17 +0400


Started GET "/assets/users.css?body=1" for 10.10.3.143 at 2014-02-04 20:21:17 +0400


Started GET "/assets/jquery.js?body=1" for 10.10.3.143 at 2014-02-04 20:21:17 +0400


Started GET "/assets/jquery_ujs.js?body=1" for 10.10.3.143 at 2014-02-04 20:21:17 +0400


Started GET "/assets/turbolinks.js?body=1" for 10.10.3.143 at 2014-02-04 20:21:17 +0400


Started GET "/assets/chart.js?body=1" for 10.10.3.143 at 2014-02-04 20:21:17 +0400


Started GET "/assets/main.js?body=1" for 10.10.3.143 at 2014-02-04 20:21:18 +0400


Started GET "/assets/sessions.js?body=1" for 10.10.3.143 at 2014-02-04 20:21:18 +0400


Started GET "/assets/users.js?body=1" for 10.10.3.143 at 2014-02-04 20:21:18 +0400


Started GET "/assets/highcharts/highcharts.js?body=1" for 10.10.3.143 at 2014-02-04 20:21:18 +0400


Started GET "/assets/highcharts/highcharts-more.js?body=1" for 10.10.3.143 at 2014-02-04 20:21:18 +0400


Started GET "/assets/highcharts/modules/exporting.js?body=1" for 10.10.3.143 at 2014-02-04 20:21:18 +0400


Started GET "/assets/application.js?body=1" for 10.10.3.143 at 2014-02-04 20:21:18 +0400


Started GET "/assets/background_main.jpg" for 10.10.3.143 at 2014-02-04 20:21:18 +0400


Started GET "/on_date" for 10.10.3.143 at 2014-02-04 20:21:19 +0400
Processing by ChartsController#on_date as HTML
  [1m[35mUser Load (0.7ms)[0m  SELECT  "users".* FROM "users"  WHERE "users"."id" = 1 LIMIT 1
  [1m[36mRole Load (0.4ms)[0m  [1mSELECT  "roles".* FROM "roles"  WHERE "roles"."id" = ?  ORDER BY "roles"."id" ASC LIMIT 1[0m  [["id", 1]]
  Rendered charts/_game_online_select.html.haml (45.6ms)
  Rendered charts/on_date.haml within layouts/application (84.1ms)
Completed 200 OK in 154ms (Views: 121.5ms | ActiveRecord: 1.1ms)


Started GET "/" for 10.10.3.143 at 2014-02-04 20:21:20 +0400
Processing by MainController#index as HTML
  [1m[35mUser Load (0.3ms)[0m  SELECT  "users".* FROM "users"  WHERE "users"."id" = 1 LIMIT 1
  [1m[36mRole Load (0.1ms)[0m  [1mSELECT  "roles".* FROM "roles"  WHERE "roles"."id" = ?  ORDER BY "roles"."id" ASC LIMIT 1[0m  [["id", 1]]
  Rendered charts/_game_online.html.haml (10.1ms)
  Rendered main/index.html.haml within layouts/application (20.2ms)
Completed 200 OK in 53ms (Views: 42.8ms | ActiveRecord: 0.4ms)


Started GET "/on_date" for 10.10.3.143 at 2014-02-04 20:21:21 +0400
Processing by ChartsController#on_date as HTML
  [1m[35mUser Load (0.3ms)[0m  SELECT  "users".* FROM "users"  WHERE "users"."id" = 1 LIMIT 1
  [1m[36mRole Load (0.2ms)[0m  [1mSELECT  "roles".* FROM "roles"  WHERE "roles"."id" = ?  ORDER BY "roles"."id" ASC LIMIT 1[0m  [["id", 1]]
  Rendered charts/_game_online_select.html.haml (3.4ms)
  Rendered charts/on_date.haml within layouts/application (15.5ms)
Completed 200 OK in 50ms (Views: 42.6ms | ActiveRecord: 0.5ms)


Started GET "/" for 10.10.3.143 at 2014-02-04 20:21:22 +0400
Processing by MainController#index as HTML
  [1m[35mUser Load (0.3ms)[0m  SELECT  "users".* FROM "users"  WHERE "users"."id" = 1 LIMIT 1
  [1m[36mRole Load (0.2ms)[0m  [1mSELECT  "roles".* FROM "roles"  WHERE "roles"."id" = ?  ORDER BY "roles"."id" ASC LIMIT 1[0m  [["id", 1]]
  Rendered charts/_game_online.html.haml (0.1ms)
  Rendered main/index.html.haml within layouts/application (2.6ms)
Completed 200 OK in 34ms (Views: 24.6ms | ActiveRecord: 0.5ms)


Started GET "/" for 10.10.3.143 at 2014-02-04 20:21:36 +0400
Processing by MainController#index as HTML
  [1m[35mUser Load (0.3ms)[0m  SELECT  "users".* FROM "users"  WHERE "users"."id" = 1 LIMIT 1
  [1m[36mRole Load (0.1ms)[0m  [1mSELECT  "roles".* FROM "roles"  WHERE "roles"."id" = ?  ORDER BY "roles"."id" ASC LIMIT 1[0m  [["id", 1]]
  Rendered charts/_game_online.html.haml (39.9ms)
  Rendered main/index.html.haml within layouts/application (45.6ms)
Completed 200 OK in 188ms (Views: 67.4ms | ActiveRecord: 0.4ms)


Started GET "/assets/application.css?body=1" for 10.10.3.143 at 2014-02-04 20:21:36 +0400


Started GET "/assets/charts.css?body=1" for 10.10.3.143 at 2014-02-04 20:21:36 +0400


Started GET "/assets/users.css?body=1" for 10.10.3.143 at 2014-02-04 20:21:36 +0400


Started GET "/assets/sessions.css?body=1" for 10.10.3.143 at 2014-02-04 20:21:36 +0400


Started GET "/assets/scaffolds.css?body=1" for 10.10.3.143 at 2014-02-04 20:21:36 +0400


Started GET "/assets/main.css?body=1" for 10.10.3.143 at 2014-02-04 20:21:36 +0400


Started GET "/assets/jquery.js?body=1" for 10.10.3.143 at 2014-02-04 20:21:36 +0400


Started GET "/assets/jquery_ujs.js?body=1" for 10.10.3.143 at 2014-02-04 20:21:36 +0400


Started GET "/assets/turbolinks.js?body=1" for 10.10.3.143 at 2014-02-04 20:21:36 +0400


Started GET "/assets/chart.js?body=1" for 10.10.3.143 at 2014-02-04 20:21:36 +0400


Started GET "/assets/main.js?body=1" for 10.10.3.143 at 2014-02-04 20:21:36 +0400


Started GET "/assets/sessions.js?body=1" for 10.10.3.143 at 2014-02-04 20:21:36 +0400


Started GET "/assets/users.js?body=1" for 10.10.3.143 at 2014-02-04 20:21:36 +0400


Started GET "/assets/highcharts/highcharts.js?body=1" for 10.10.3.143 at 2014-02-04 20:21:36 +0400


Started GET "/assets/highcharts/highcharts-more.js?body=1" for 10.10.3.143 at 2014-02-04 20:21:37 +0400


Started GET "/assets/application.js?body=1" for 10.10.3.143 at 2014-02-04 20:21:37 +0400


Started GET "/assets/highcharts/modules/exporting.js?body=1" for 10.10.3.143 at 2014-02-04 20:21:37 +0400


Started GET "/assets/favicon.ico" for 10.10.3.143 at 2014-02-04 20:21:37 +0400


Started GET "/on_date" for 10.10.3.143 at 2014-02-04 20:21:38 +0400
Processing by ChartsController#on_date as HTML
  [1m[35mUser Load (0.4ms)[0m  SELECT  "users".* FROM "users"  WHERE "users"."id" = 1 LIMIT 1
  [1m[36mRole Load (0.1ms)[0m  [1mSELECT  "roles".* FROM "roles"  WHERE "roles"."id" = ?  ORDER BY "roles"."id" ASC LIMIT 1[0m  [["id", 1]]
  Rendered charts/_game_online_select.html.haml (54.8ms)
  Rendered charts/on_date.haml within layouts/application (65.8ms)
Completed 200 OK in 146ms (Views: 88.9ms | ActiveRecord: 0.5ms)


Started GET "/" for 10.10.3.143 at 2014-02-04 20:21:41 +0400
Processing by MainController#index as HTML
  [1m[35mUser Load (0.4ms)[0m  SELECT  "users".* FROM "users"  WHERE "users"."id" = 1 LIMIT 1
  [1m[36mRole Load (0.1ms)[0m  [1mSELECT  "roles".* FROM "roles"  WHERE "roles"."id" = ?  ORDER BY "roles"."id" ASC LIMIT 1[0m  [["id", 1]]
  Rendered charts/_game_online.html.haml (38.0ms)
  Rendered main/index.html.haml within layouts/application (41.1ms)
Completed 200 OK in 115ms (Views: 75.7ms | ActiveRecord: 0.5ms)
DEPRECATION WARNING: The cattr_* method definitions have been moved into active_support/core_ext/module/attribute_accessors. Please require that instead. (called from block in tsort_each at /home/quick/.rvm/rubies/ruby-2.1.0/lib/ruby/2.1.0/tsort.rb:226)


Started GET "/login" for 10.10.3.143 at 2014-02-04 20:24:18 +0400
  [1m[36mActiveRecord::SchemaMigration Load (0.1ms)[0m  [1mSELECT "schema_migrations".* FROM "schema_migrations"[0m
Processing by SessionsController#new as HTML
  Rendered sessions/new.html.haml within layouts/application (41.0ms)
  [1m[35mUser Load (0.2ms)[0m  SELECT  "users".* FROM "users"  WHERE "users"."id" IS NULL LIMIT 1
  [1m[36mCACHE (0.0ms)[0m  [1mSELECT  "users".* FROM "users"  WHERE "users"."id" IS NULL LIMIT 1[0m
Completed 200 OK in 308ms (Views: 247.4ms | ActiveRecord: 0.3ms)


Started GET "/assets/application.css?body=1" for 10.10.3.143 at 2014-02-04 20:24:19 +0400


Started GET "/assets/main.css?body=1" for 10.10.3.143 at 2014-02-04 20:24:19 +0400


Started GET "/assets/charts.css?body=1" for 10.10.3.143 at 2014-02-04 20:24:19 +0400


Started GET "/assets/scaffolds.css?body=1" for 10.10.3.143 at 2014-02-04 20:24:19 +0400


Started GET "/assets/sessions.css?body=1" for 10.10.3.143 at 2014-02-04 20:24:19 +0400


Started GET "/assets/users.css?body=1" for 10.10.3.143 at 2014-02-04 20:24:19 +0400


Started GET "/assets/jquery.js?body=1" for 10.10.3.143 at 2014-02-04 20:24:19 +0400


Started GET "/assets/jquery_ujs.js?body=1" for 10.10.3.143 at 2014-02-04 20:24:19 +0400


Started GET "/assets/turbolinks.js?body=1" for 10.10.3.143 at 2014-02-04 20:24:19 +0400


Started GET "/assets/chart.js?body=1" for 10.10.3.143 at 2014-02-04 20:24:19 +0400


Started GET "/assets/main.js?body=1" for 10.10.3.143 at 2014-02-04 20:24:19 +0400


Started GET "/assets/sessions.js?body=1" for 10.10.3.143 at 2014-02-04 20:24:19 +0400


Started GET "/assets/users.js?body=1" for 10.10.3.143 at 2014-02-04 20:24:19 +0400


Started GET "/assets/highcharts/highcharts.js?body=1" for 10.10.3.143 at 2014-02-04 20:24:19 +0400


Started GET "/assets/highcharts/highcharts-more.js?body=1" for 10.10.3.143 at 2014-02-04 20:24:19 +0400


Started GET "/assets/highcharts/modules/exporting.js?body=1" for 10.10.3.143 at 2014-02-04 20:24:19 +0400


Started GET "/assets/application.js?body=1" for 10.10.3.143 at 2014-02-04 20:24:19 +0400


Started GET "/assets/background_main.jpg" for 10.10.3.143 at 2014-02-04 20:24:19 +0400


Started GET "/assets/favicon.ico" for 10.10.3.143 at 2014-02-04 20:24:19 +0400


Started POST "/login" for 10.10.3.143 at 2014-02-04 20:24:24 +0400
Processing by SessionsController#create as HTML
  Parameters: {"utf8"=>"✓", "authenticity_token"=>"n3hPNUdKffeO39F3F3MSum1OSaI8VVkS5HCZ7TUSNME=", "email"=>"admin@admin.com", "password"=>"[FILTERED]", "commit"=>"login"}
  [1m[35mUser Load (0.2ms)[0m  SELECT  "users".* FROM "users"  WHERE "users"."email" = 'admin@admin.com' LIMIT 1
Redirected to http://10.10.3.148:3000/
Completed 302 Found in 137ms (ActiveRecord: 0.8ms)


Started GET "/" for 10.10.3.143 at 2014-02-04 20:24:24 +0400
Processing by MainController#index as HTML
  [1m[36mUser Load (0.2ms)[0m  [1mSELECT  "users".* FROM "users"  WHERE "users"."id" = 1 LIMIT 1[0m
  [1m[35mRole Load (0.3ms)[0m  SELECT  "roles".* FROM "roles"  WHERE "roles"."id" = ?  ORDER BY "roles"."id" ASC LIMIT 1  [["id", 1]]
  Rendered charts/_game_online.html.haml (29.6ms)
  Rendered main/index.html.haml within layouts/application (38.6ms)
Completed 200 OK in 200ms (Views: 55.5ms | ActiveRecord: 0.9ms)


Started GET "/assets/scaffolds.css?body=1" for 10.10.3.143 at 2014-02-04 20:24:25 +0400


Started GET "/assets/charts.css?body=1" for 10.10.3.143 at 2014-02-04 20:24:25 +0400


Started GET "/assets/main.css?body=1" for 10.10.3.143 at 2014-02-04 20:24:25 +0400


Started GET "/assets/application.css?body=1" for 10.10.3.143 at 2014-02-04 20:24:25 +0400


Started GET "/assets/users.css?body=1" for 10.10.3.143 at 2014-02-04 20:24:25 +0400


Started GET "/assets/sessions.css?body=1" for 10.10.3.143 at 2014-02-04 20:24:25 +0400


Started GET "/assets/jquery.js?body=1" for 10.10.3.143 at 2014-02-04 20:24:25 +0400


Started GET "/assets/jquery_ujs.js?body=1" for 10.10.3.143 at 2014-02-04 20:24:25 +0400


Started GET "/assets/turbolinks.js?body=1" for 10.10.3.143 at 2014-02-04 20:24:25 +0400


Started GET "/assets/chart.js?body=1" for 10.10.3.143 at 2014-02-04 20:24:25 +0400


Started GET "/assets/main.js?body=1" for 10.10.3.143 at 2014-02-04 20:24:25 +0400


Started GET "/assets/sessions.js?body=1" for 10.10.3.143 at 2014-02-04 20:24:25 +0400


Started GET "/assets/users.js?body=1" for 10.10.3.143 at 2014-02-04 20:24:25 +0400


Started GET "/assets/highcharts/highcharts.js?body=1" for 10.10.3.143 at 2014-02-04 20:24:25 +0400


Started GET "/assets/highcharts/highcharts-more.js?body=1" for 10.10.3.143 at 2014-02-04 20:24:25 +0400


Started GET "/assets/highcharts/modules/exporting.js?body=1" for 10.10.3.143 at 2014-02-04 20:24:25 +0400


Started GET "/assets/application.js?body=1" for 10.10.3.143 at 2014-02-04 20:24:25 +0400


Started GET "/assets/background_main.jpg" for 10.10.3.143 at 2014-02-04 20:24:25 +0400


Started GET "/on_date" for 10.10.3.143 at 2014-02-04 20:24:27 +0400
Processing by ChartsController#on_date as HTML
  [1m[36mUser Load (0.3ms)[0m  [1mSELECT  "users".* FROM "users"  WHERE "users"."id" = 1 LIMIT 1[0m
  [1m[35mRole Load (0.1ms)[0m  SELECT  "roles".* FROM "roles"  WHERE "roles"."id" = ?  ORDER BY "roles"."id" ASC LIMIT 1  [["id", 1]]
  Rendered charts/_game_online_select.html.haml (130.8ms)
  Rendered charts/on_date.haml within layouts/application (143.6ms)
Completed 200 OK in 234ms (Views: 178.2ms | ActiveRecord: 0.5ms)
DEPRECATION WARNING: The cattr_* method definitions have been moved into active_support/core_ext/module/attribute_accessors. Please require that instead. (called from block in tsort_each at /home/quick/.rvm/rubies/ruby-2.1.0/lib/ruby/2.1.0/tsort.rb:226)


Started GET "/on_date" for 10.10.3.143 at 2014-02-06 11:52:28 +0400
  [1m[36mActiveRecord::SchemaMigration Load (0.1ms)[0m  [1mSELECT "schema_migrations".* FROM "schema_migrations"[0m
Processing by ChartsController#on_date as HTML
  [1m[35mUser Load (0.6ms)[0m  SELECT  "users".* FROM "users"  WHERE "users"."id" = 1 LIMIT 1
  [1m[36mRole Load (0.2ms)[0m  [1mSELECT  "roles".* FROM "roles"  WHERE "roles"."id" = ?  ORDER BY "roles"."id" ASC LIMIT 1[0m  [["id", 1]]
  Rendered charts/_game_online_select.html.haml (32.5ms)
  Rendered charts/on_date.haml within layouts/application (47.8ms)
Completed 200 OK in 346ms (Views: 197.5ms | ActiveRecord: 1.4ms)


Started GET "/assets/charts.css?body=1" for 10.10.3.143 at 2014-02-06 11:52:28 +0400


Started GET "/assets/main.css?body=1" for 10.10.3.143 at 2014-02-06 11:52:28 +0400


Started GET "/assets/scaffolds.css?body=1" for 10.10.3.143 at 2014-02-06 11:52:28 +0400


Started GET "/assets/sessions.css?body=1" for 10.10.3.143 at 2014-02-06 11:52:28 +0400


Started GET "/assets/users.css?body=1" for 10.10.3.143 at 2014-02-06 11:52:28 +0400


Started GET "/assets/application.css?body=1" for 10.10.3.143 at 2014-02-06 11:52:28 +0400


Started GET "/assets/jquery.js?body=1" for 10.10.3.143 at 2014-02-06 11:52:29 +0400


Started GET "/assets/jquery_ujs.js?body=1" for 10.10.3.143 at 2014-02-06 11:52:29 +0400


Started GET "/assets/turbolinks.js?body=1" for 10.10.3.143 at 2014-02-06 11:52:29 +0400


Started GET "/assets/chart.js?body=1" for 10.10.3.143 at 2014-02-06 11:52:29 +0400


Started GET "/assets/main.js?body=1" for 10.10.3.143 at 2014-02-06 11:52:29 +0400


Started GET "/assets/sessions.js?body=1" for 10.10.3.143 at 2014-02-06 11:52:29 +0400


Started GET "/assets/users.js?body=1" for 10.10.3.143 at 2014-02-06 11:52:29 +0400


Started GET "/assets/highcharts/highcharts.js?body=1" for 10.10.3.143 at 2014-02-06 11:52:29 +0400


Started GET "/assets/highcharts/highcharts-more.js?body=1" for 10.10.3.143 at 2014-02-06 11:52:29 +0400


Started GET "/assets/highcharts/modules/exporting.js?body=1" for 10.10.3.143 at 2014-02-06 11:52:29 +0400


Started GET "/assets/application.js?body=1" for 10.10.3.143 at 2014-02-06 11:52:29 +0400


Started GET "/assets/background_main.jpg" for 10.10.3.143 at 2014-02-06 11:52:29 +0400


Started GET "/assets/favicon.ico" for 10.10.3.143 at 2014-02-06 11:52:29 +0400


Started GET "/on_date" for 10.10.3.143 at 2014-02-06 11:52:30 +0400
Processing by ChartsController#on_date as HTML
  [1m[35mUser Load (0.3ms)[0m  SELECT  "users".* FROM "users"  WHERE "users"."id" = 1 LIMIT 1
  [1m[36mRole Load (0.1ms)[0m  [1mSELECT  "roles".* FROM "roles"  WHERE "roles"."id" = ?  ORDER BY "roles"."id" ASC LIMIT 1[0m  [["id", 1]]
  Rendered charts/_game_online_select.html.haml (11.0ms)
  Rendered charts/on_date.haml within layouts/application (18.0ms)
Completed 200 OK in 54ms (Views: 33.3ms | ActiveRecord: 0.4ms)


Started GET "/assets/charts.css?body=1" for 10.10.3.143 at 2014-02-06 11:52:30 +0400


Started GET "/assets/application.css?body=1" for 10.10.3.143 at 2014-02-06 11:52:30 +0400


Started GET "/assets/users.css?body=1" for 10.10.3.143 at 2014-02-06 11:52:30 +0400


Started GET "/assets/main.css?body=1" for 10.10.3.143 at 2014-02-06 11:52:30 +0400


Started GET "/assets/sessions.css?body=1" for 10.10.3.143 at 2014-02-06 11:52:30 +0400


Started GET "/assets/scaffolds.css?body=1" for 10.10.3.143 at 2014-02-06 11:52:30 +0400


Started GET "/assets/jquery.js?body=1" for 10.10.3.143 at 2014-02-06 11:52:31 +0400


Started GET "/assets/jquery_ujs.js?body=1" for 10.10.3.143 at 2014-02-06 11:52:31 +0400


Started GET "/assets/turbolinks.js?body=1" for 10.10.3.143 at 2014-02-06 11:52:31 +0400


Started GET "/assets/chart.js?body=1" for 10.10.3.143 at 2014-02-06 11:52:31 +0400


Started GET "/assets/main.js?body=1" for 10.10.3.143 at 2014-02-06 11:52:31 +0400


Started GET "/assets/sessions.js?body=1" for 10.10.3.143 at 2014-02-06 11:52:31 +0400


Started GET "/assets/users.js?body=1" for 10.10.3.143 at 2014-02-06 11:52:31 +0400


Started GET "/assets/highcharts/highcharts.js?body=1" for 10.10.3.143 at 2014-02-06 11:52:31 +0400


Started GET "/assets/highcharts/highcharts-more.js?body=1" for 10.10.3.143 at 2014-02-06 11:52:31 +0400


Started GET "/assets/highcharts/modules/exporting.js?body=1" for 10.10.3.143 at 2014-02-06 11:52:31 +0400


Started GET "/assets/application.js?body=1" for 10.10.3.143 at 2014-02-06 11:52:31 +0400


Started GET "/assets/favicon.ico" for 10.10.3.143 at 2014-02-06 11:52:31 +0400


Started GET "/on_date" for 10.10.3.143 at 2014-02-06 11:52:39 +0400
Processing by ChartsController#on_date as HTML
  [1m[35mUser Load (0.3ms)[0m  SELECT  "users".* FROM "users"  WHERE "users"."id" = 1 LIMIT 1
  [1m[36mRole Load (0.1ms)[0m  [1mSELECT  "roles".* FROM "roles"  WHERE "roles"."id" = ?  ORDER BY "roles"."id" ASC LIMIT 1[0m  [["id", 1]]
  Rendered charts/_game_online_select.html.haml (24.6ms)
  Rendered charts/on_date.haml within layouts/application (30.4ms)
Completed 200 OK in 155ms (Views: 47.2ms | ActiveRecord: 0.4ms)


Started GET "/assets/main.css?body=1" for 10.10.3.143 at 2014-02-06 11:52:39 +0400


Started GET "/assets/scaffolds.css?body=1" for 10.10.3.143 at 2014-02-06 11:52:39 +0400


Started GET "/assets/application.css?body=1" for 10.10.3.143 at 2014-02-06 11:52:39 +0400


Started GET "/assets/users.css?body=1" for 10.10.3.143 at 2014-02-06 11:52:39 +0400


Started GET "/assets/sessions.css?body=1" for 10.10.3.143 at 2014-02-06 11:52:39 +0400


Started GET "/assets/charts.css?body=1" for 10.10.3.143 at 2014-02-06 11:52:39 +0400


Started GET "/assets/jquery.js?body=1" for 10.10.3.143 at 2014-02-06 11:52:39 +0400


Started GET "/assets/jquery_ujs.js?body=1" for 10.10.3.143 at 2014-02-06 11:52:39 +0400


Started GET "/assets/turbolinks.js?body=1" for 10.10.3.143 at 2014-02-06 11:52:39 +0400


Started GET "/assets/chart.js?body=1" for 10.10.3.143 at 2014-02-06 11:52:39 +0400


Started GET "/assets/main.js?body=1" for 10.10.3.143 at 2014-02-06 11:52:39 +0400


Started GET "/assets/sessions.js?body=1" for 10.10.3.143 at 2014-02-06 11:52:40 +0400


Started GET "/assets/users.js?body=1" for 10.10.3.143 at 2014-02-06 11:52:40 +0400


Started GET "/assets/highcharts/highcharts.js?body=1" for 10.10.3.143 at 2014-02-06 11:52:40 +0400


Started GET "/assets/highcharts/highcharts-more.js?body=1" for 10.10.3.143 at 2014-02-06 11:52:40 +0400


Started GET "/assets/highcharts/modules/exporting.js?body=1" for 10.10.3.143 at 2014-02-06 11:52:40 +0400


Started GET "/assets/application.js?body=1" for 10.10.3.143 at 2014-02-06 11:52:40 +0400


Started GET "/assets/favicon.ico" for 10.10.3.143 at 2014-02-06 11:52:40 +0400


Started GET "/" for 10.10.3.143 at 2014-02-06 11:52:41 +0400
Processing by MainController#index as HTML
  [1m[35mUser Load (0.5ms)[0m  SELECT  "users".* FROM "users"  WHERE "users"."id" = 1 LIMIT 1
  [1m[36mRole Load (0.2ms)[0m  [1mSELECT  "roles".* FROM "roles"  WHERE "roles"."id" = ?  ORDER BY "roles"."id" ASC LIMIT 1[0m  [["id", 1]]
  Rendered charts/_game_online.html.haml (16.0ms)
  Rendered main/index.html.haml within layouts/application (30.7ms)
Completed 200 OK in 69ms (Views: 41.2ms | ActiveRecord: 0.7ms)


Started GET "/on_date" for 10.10.3.143 at 2014-02-06 11:52:44 +0400
Processing by ChartsController#on_date as HTML
  [1m[35mUser Load (0.2ms)[0m  SELECT  "users".* FROM "users"  WHERE "users"."id" = 1 LIMIT 1
  [1m[36mRole Load (0.1ms)[0m  [1mSELECT  "roles".* FROM "roles"  WHERE "roles"."id" = ?  ORDER BY "roles"."id" ASC LIMIT 1[0m  [["id", 1]]
  Rendered charts/_game_online_select.html.haml (71.3ms)
  Rendered charts/on_date.haml within layouts/application (76.8ms)
Completed 200 OK in 123ms (Views: 101.0ms | ActiveRecord: 0.3ms)


Started POST "/game_online_select" for 10.10.3.143 at 2014-02-06 11:52:50 +0400
Processing by ChartsController#game_online_select as JS
  Parameters: {"utf8"=>"✓", "date"=>{"year"=>"2014", "month"=>"2", "day"=>"2"}, "commit"=>"Get period"}
  [1m[35mUser Load (0.3ms)[0m  SELECT  "users".* FROM "users"  WHERE "users"."id" = 1 LIMIT 1
  [1m[36mRole Load (0.1ms)[0m  [1mSELECT  "roles".* FROM "roles"  WHERE "roles"."id" = ?  ORDER BY "roles"."id" ASC LIMIT 1[0m  [["id", 1]]
  Rendered charts/_game_online_select.html.haml (50.9ms)
  Rendered charts/game_online_select.js.erb (67.8ms)
Completed 200 OK in 120ms (Views: 87.7ms | ActiveRecord: 0.4ms)
DEPRECATION WARNING: The cattr_* method definitions have been moved into active_support/core_ext/module/attribute_accessors. Please require that instead. (called from block in tsort_each at /home/quick/.rvm/rubies/ruby-2.1.0/lib/ruby/2.1.0/tsort.rb:226)


Started GET "/on_date" for 10.10.3.143 at 2014-02-06 11:53:56 +0400
  [1m[36mActiveRecord::SchemaMigration Load (0.2ms)[0m  [1mSELECT "schema_migrations".* FROM "schema_migrations"[0m
Processing by ChartsController#on_date as HTML
  [1m[35mUser Load (0.2ms)[0m  SELECT  "users".* FROM "users"  WHERE "users"."id" = 1 LIMIT 1
  [1m[36mRole Load (0.2ms)[0m  [1mSELECT  "roles".* FROM "roles"  WHERE "roles"."id" = ?  ORDER BY "roles"."id" ASC LIMIT 1[0m  [["id", 1]]
  Rendered charts/_game_online_select.html.haml (25.8ms)
  Rendered charts/on_date.haml within layouts/application (33.8ms)
Completed 200 OK in 423ms (Views: 243.9ms | ActiveRecord: 1.0ms)


Started GET "/assets/main.css?body=1" for 10.10.3.143 at 2014-02-06 11:53:57 +0400


Started GET "/assets/sessions.css?body=1" for 10.10.3.143 at 2014-02-06 11:53:57 +0400


Started GET "/assets/scaffolds.css?body=1" for 10.10.3.143 at 2014-02-06 11:53:57 +0400


Started GET "/assets/users.css?body=1" for 10.10.3.143 at 2014-02-06 11:53:57 +0400


Started GET "/assets/charts.css?body=1" for 10.10.3.143 at 2014-02-06 11:53:57 +0400


Started GET "/assets/application.css?body=1" for 10.10.3.143 at 2014-02-06 11:53:57 +0400


Started GET "/assets/jquery.js?body=1" for 10.10.3.143 at 2014-02-06 11:53:57 +0400


Started GET "/assets/jquery_ujs.js?body=1" for 10.10.3.143 at 2014-02-06 11:53:57 +0400


Started GET "/assets/turbolinks.js?body=1" for 10.10.3.143 at 2014-02-06 11:53:57 +0400


Started GET "/assets/chart.js?body=1" for 10.10.3.143 at 2014-02-06 11:53:57 +0400


Started GET "/assets/main.js?body=1" for 10.10.3.143 at 2014-02-06 11:53:57 +0400


Started GET "/assets/sessions.js?body=1" for 10.10.3.143 at 2014-02-06 11:53:57 +0400


Started GET "/assets/users.js?body=1" for 10.10.3.143 at 2014-02-06 11:53:57 +0400


Started GET "/assets/highcharts/highcharts.js?body=1" for 10.10.3.143 at 2014-02-06 11:53:57 +0400


Started GET "/assets/highcharts/highcharts-more.js?body=1" for 10.10.3.143 at 2014-02-06 11:53:58 +0400


Started GET "/assets/highcharts/modules/exporting.js?body=1" for 10.10.3.143 at 2014-02-06 11:53:58 +0400


Started GET "/assets/application.js?body=1" for 10.10.3.143 at 2014-02-06 11:53:58 +0400


Started GET "/assets/background_main.jpg" for 10.10.3.143 at 2014-02-06 11:53:58 +0400


Started GET "/assets/favicon.ico" for 10.10.3.143 at 2014-02-06 11:53:58 +0400


Started GET "/" for 10.10.3.143 at 2014-02-06 11:53:59 +0400
Processing by MainController#index as HTML
  [1m[35mUser Load (0.3ms)[0m  SELECT  "users".* FROM "users"  WHERE "users"."id" = 1 LIMIT 1
  [1m[36mRole Load (7.8ms)[0m  [1mSELECT  "roles".* FROM "roles"  WHERE "roles"."id" = ?  ORDER BY "roles"."id" ASC LIMIT 1[0m  [["id", 1]]
  Rendered charts/_game_online.html.haml (23.3ms)
  Rendered main/index.html.haml within layouts/application (50.3ms)
Completed 200 OK in 106ms (Views: 73.7ms | ActiveRecord: 8.1ms)


Started GET "/on_date" for 10.10.3.143 at 2014-02-06 11:54:00 +0400
Processing by ChartsController#on_date as HTML
  [1m[35mUser Load (0.3ms)[0m  SELECT  "users".* FROM "users"  WHERE "users"."id" = 1 LIMIT 1
  [1m[36mRole Load (0.1ms)[0m  [1mSELECT  "roles".* FROM "roles"  WHERE "roles"."id" = ?  ORDER BY "roles"."id" ASC LIMIT 1[0m  [["id", 1]]
  Rendered charts/_game_online_select.html.haml (35.3ms)
  Rendered charts/on_date.haml within layouts/application (44.5ms)
Completed 200 OK in 198ms (Views: 64.6ms | ActiveRecord: 0.4ms)


Started GET "/" for 10.10.3.143 at 2014-02-06 11:54:03 +0400
Processing by MainController#index as HTML
  [1m[35mUser Load (0.3ms)[0m  SELECT  "users".* FROM "users"  WHERE "users"."id" = 1 LIMIT 1
  [1m[36mRole Load (0.1ms)[0m  [1mSELECT  "roles".* FROM "roles"  WHERE "roles"."id" = ?  ORDER BY "roles"."id" ASC LIMIT 1[0m  [["id", 1]]
  Rendered charts/_game_online.html.haml (26.1ms)
  Rendered main/index.html.haml within layouts/application (29.1ms)
Completed 200 OK in 78ms (Views: 52.5ms | ActiveRecord: 0.4ms)


Started GET "/new_dot" for 10.10.3.143 at 2014-02-06 11:55:00 +0400
Processing by StatisticsController#new_dot as JSON
  [1m[35mUser Load (0.4ms)[0m  SELECT  "users".* FROM "users"  WHERE "users"."id" = 1 LIMIT 1
  [1m[36mRole Load (0.1ms)[0m  [1mSELECT  "roles".* FROM "roles"  WHERE "roles"."id" = ?  ORDER BY "roles"."id" ASC LIMIT 1[0m  [["id", 1]]
Completed 200 OK in 26ms (Views: 0.2ms | ActiveRecord: 0.5ms)


Started GET "/new_dot" for 10.10.3.143 at 2014-02-06 11:55:03 +0400
Processing by StatisticsController#new_dot as JSON
  [1m[35mUser Load (0.3ms)[0m  SELECT  "users".* FROM "users"  WHERE "users"."id" = 1 LIMIT 1
  [1m[36mRole Load (0.1ms)[0m  [1mSELECT  "roles".* FROM "roles"  WHERE "roles"."id" = ?  ORDER BY "roles"."id" ASC LIMIT 1[0m  [["id", 1]]
Completed 200 OK in 22ms (Views: 0.2ms | ActiveRecord: 0.4ms)
DEPRECATION WARNING: The cattr_* method definitions have been moved into active_support/core_ext/module/attribute_accessors. Please require that instead. (called from block in tsort_each at /home/quick/.rvm/rubies/ruby-2.1.0/lib/ruby/2.1.0/tsort.rb:226)


Started GET "/new_dot" for 10.10.3.143 at 2014-02-06 12:32:00 +0400
  [1m[36mActiveRecord::SchemaMigration Load (0.2ms)[0m  [1mSELECT "schema_migrations".* FROM "schema_migrations"[0m
Processing by StatisticsController#new_dot as JSON
  [1m[35mUser Load (0.2ms)[0m  SELECT  "users".* FROM "users"  WHERE "users"."id" = 1 LIMIT 1
  [1m[36mRole Load (3.6ms)[0m  [1mSELECT  "roles".* FROM "roles"  WHERE "roles"."id" = ?  ORDER BY "roles"."id" ASC LIMIT 1[0m  [["id", 1]]
Completed 200 OK in 159ms (Views: 0.2ms | ActiveRecord: 4.4ms)


Started GET "/new_dot" for 10.10.3.143 at 2014-02-06 12:32:03 +0400
Processing by StatisticsController#new_dot as JSON
  [1m[35mUser Load (0.3ms)[0m  SELECT  "users".* FROM "users"  WHERE "users"."id" = 1 LIMIT 1
  [1m[36mRole Load (0.1ms)[0m  [1mSELECT  "roles".* FROM "roles"  WHERE "roles"."id" = ?  ORDER BY "roles"."id" ASC LIMIT 1[0m  [["id", 1]]
Completed 200 OK in 15ms (Views: 0.1ms | ActiveRecord: 0.4ms)


Started GET "/on_date" for 10.10.3.143 at 2014-02-06 12:32:04 +0400
Processing by ChartsController#on_date as HTML
  [1m[35mUser Load (0.2ms)[0m  SELECT  "users".* FROM "users"  WHERE "users"."id" = 1 LIMIT 1
  [1m[36mRole Load (0.1ms)[0m  [1mSELECT  "roles".* FROM "roles"  WHERE "roles"."id" = ?  ORDER BY "roles"."id" ASC LIMIT 1[0m  [["id", 1]]
  Rendered charts/_game_online_select.html.haml (45.5ms)
  Rendered charts/on_date.haml within layouts/application (55.8ms)
Completed 200 OK in 255ms (Views: 217.0ms | ActiveRecord: 0.4ms)


Started GET "/assets/charts.css?body=1" for 10.10.3.143 at 2014-02-06 12:32:04 +0400


Started GET "/assets/sessions.css?body=1" for 10.10.3.143 at 2014-02-06 12:32:04 +0400


Started GET "/assets/users.css?body=1" for 10.10.3.143 at 2014-02-06 12:32:04 +0400


Started GET "/assets/application.css?body=1" for 10.10.3.143 at 2014-02-06 12:32:04 +0400


Started GET "/assets/scaffolds.css?body=1" for 10.10.3.143 at 2014-02-06 12:32:04 +0400


Started GET "/assets/main.css?body=1" for 10.10.3.143 at 2014-02-06 12:32:04 +0400


Started GET "/assets/jquery.js?body=1" for 10.10.3.143 at 2014-02-06 12:32:04 +0400


Started GET "/assets/jquery_ujs.js?body=1" for 10.10.3.143 at 2014-02-06 12:32:04 +0400


Started GET "/assets/turbolinks.js?body=1" for 10.10.3.143 at 2014-02-06 12:32:04 +0400


Started GET "/assets/chart.js?body=1" for 10.10.3.143 at 2014-02-06 12:32:04 +0400


Started GET "/assets/main.js?body=1" for 10.10.3.143 at 2014-02-06 12:32:04 +0400


Started GET "/assets/sessions.js?body=1" for 10.10.3.143 at 2014-02-06 12:32:04 +0400


Started GET "/assets/users.js?body=1" for 10.10.3.143 at 2014-02-06 12:32:04 +0400


Started GET "/assets/highcharts/highcharts.js?body=1" for 10.10.3.143 at 2014-02-06 12:32:04 +0400


Started GET "/assets/highcharts/highcharts-more.js?body=1" for 10.10.3.143 at 2014-02-06 12:32:04 +0400


Started GET "/assets/highcharts/modules/exporting.js?body=1" for 10.10.3.143 at 2014-02-06 12:32:04 +0400


Started GET "/assets/application.js?body=1" for 10.10.3.143 at 2014-02-06 12:32:04 +0400


Started GET "/assets/background_main.jpg" for 10.10.3.143 at 2014-02-06 12:32:04 +0400


Started GET "/assets/favicon.ico" for 10.10.3.143 at 2014-02-06 12:32:05 +0400


Started GET "/" for 10.10.3.143 at 2014-02-06 12:32:06 +0400
Processing by MainController#index as HTML
  [1m[35mUser Load (0.3ms)[0m  SELECT  "users".* FROM "users"  WHERE "users"."id" = 1 LIMIT 1
  [1m[36mRole Load (0.1ms)[0m  [1mSELECT  "roles".* FROM "roles"  WHERE "roles"."id" = ?  ORDER BY "roles"."id" ASC LIMIT 1[0m  [["id", 1]]
  Rendered charts/_game_online.html.haml (18.8ms)
  Rendered main/index.html.haml within layouts/application (30.0ms)
Completed 200 OK in 78ms (Views: 47.9ms | ActiveRecord: 0.4ms)


Started GET "/on_date" for 10.10.3.143 at 2014-02-06 12:32:09 +0400
Processing by ChartsController#on_date as HTML
  [1m[35mUser Load (0.4ms)[0m  SELECT  "users".* FROM "users"  WHERE "users"."id" = 1 LIMIT 1
  [1m[36mRole Load (0.1ms)[0m  [1mSELECT  "roles".* FROM "roles"  WHERE "roles"."id" = ?  ORDER BY "roles"."id" ASC LIMIT 1[0m  [["id", 1]]
  Rendered charts/_game_online_select.html.haml (52.9ms)
  Rendered charts/on_date.haml within layouts/application (67.5ms)
Completed 200 OK in 138ms (Views: 89.2ms | ActiveRecord: 0.6ms)
DEPRECATION WARNING: The cattr_* method definitions have been moved into active_support/core_ext/module/attribute_accessors. Please require that instead. (called from block in tsort_each at /home/quick/.rvm/rubies/ruby-2.1.0/lib/ruby/2.1.0/tsort.rb:226)


Started POST "/new_dot" for 10.10.3.143 at 2014-02-06 14:48:12 +0400
  [1m[36mActiveRecord::SchemaMigration Load (0.2ms)[0m  [1mSELECT "schema_migrations".* FROM "schema_migrations"[0m
Processing by StatisticsController#new_dot as JSON
  [1m[35mUser Load (0.3ms)[0m  SELECT  "users".* FROM "users"  WHERE "users"."id" = 1 LIMIT 1
  [1m[36mRole Load (0.3ms)[0m  [1mSELECT  "roles".* FROM "roles"  WHERE "roles"."id" = ?  ORDER BY "roles"."id" ASC LIMIT 1[0m  [["id", 1]]
Completed 200 OK in 499ms (Views: 0.3ms | ActiveRecord: 1.5ms)


Started GET "/new_dot" for 10.10.3.143 at 2014-02-06 14:48:32 +0400

ActionController::RoutingError (No route matches [GET] "/new_dot"):
  actionpack (4.1.0.beta1) lib/action_dispatch/middleware/debug_exceptions.rb:21:in `call'
  actionpack (4.1.0.beta1) lib/action_dispatch/middleware/show_exceptions.rb:30:in `call'
  railties (4.1.0.beta1) lib/rails/rack/logger.rb:38:in `call_app'
  railties (4.1.0.beta1) lib/rails/rack/logger.rb:20:in `block in call'
  activesupport (4.1.0.beta1) lib/active_support/tagged_logging.rb:68:in `block in tagged'
  activesupport (4.1.0.beta1) lib/active_support/tagged_logging.rb:26:in `tagged'
  activesupport (4.1.0.beta1) lib/active_support/tagged_logging.rb:68:in `tagged'
  railties (4.1.0.beta1) lib/rails/rack/logger.rb:20:in `call'
  actionpack (4.1.0.beta1) lib/action_dispatch/middleware/request_id.rb:21:in `call'
  rack (1.5.2) lib/rack/methodoverride.rb:21:in `call'
  rack (1.5.2) lib/rack/runtime.rb:17:in `call'
  activesupport (4.1.0.beta1) lib/active_support/cache/strategy/local_cache.rb:86:in `call'
  rack (1.5.2) lib/rack/lock.rb:17:in `call'
  actionpack (4.1.0.beta1) lib/action_dispatch/middleware/static.rb:64:in `call'
  rack (1.5.2) lib/rack/sendfile.rb:112:in `call'
  railties (4.1.0.beta1) lib/rails/engine.rb:516:in `call'
  railties (4.1.0.beta1) lib/rails/application.rb:142:in `call'
  rack (1.5.2) lib/rack/deflater.rb:25:in `call'
  rack (1.5.2) lib/rack/lock.rb:17:in `call'
  rack (1.5.2) lib/rack/content_length.rb:14:in `call'
  rack (1.5.2) lib/rack/handler/webrick.rb:60:in `service'
  /home/quick/.rvm/rubies/ruby-2.1.0/lib/ruby/2.1.0/webrick/httpserver.rb:138:in `service'
  /home/quick/.rvm/rubies/ruby-2.1.0/lib/ruby/2.1.0/webrick/httpserver.rb:94:in `run'
  /home/quick/.rvm/rubies/ruby-2.1.0/lib/ruby/2.1.0/webrick/server.rb:295:in `block in start_thread'


  Rendered /home/quick/.rvm/gems/ruby-2.1.0/gems/actionpack-4.1.0.beta1/lib/action_dispatch/middleware/templates/rescues/_trace.text.erb (1.6ms)
  Rendered /home/quick/.rvm/gems/ruby-2.1.0/gems/actionpack-4.1.0.beta1/lib/action_dispatch/middleware/templates/rescues/routing_error.text.erb (83.0ms)


Started GET "/" for 10.10.3.143 at 2014-02-06 14:48:39 +0400
Processing by MainController#index as HTML
  [1m[35mUser Load (0.3ms)[0m  SELECT  "users".* FROM "users"  WHERE "users"."id" = 1 LIMIT 1
  [1m[36mRole Load (0.1ms)[0m  [1mSELECT  "roles".* FROM "roles"  WHERE "roles"."id" = ?  ORDER BY "roles"."id" ASC LIMIT 1[0m  [["id", 1]]
  Rendered charts/_game_online.html.haml (53.5ms)
  Rendered main/index.html.haml within layouts/application (75.7ms)
Completed 200 OK in 591ms (Views: 522.3ms | ActiveRecord: 0.4ms)


Started GET "/assets/main.css?body=1" for 10.10.3.143 at 2014-02-06 14:48:39 +0400


Started GET "/assets/sessions.css?body=1" for 10.10.3.143 at 2014-02-06 14:48:39 +0400


Started GET "/assets/application.css?body=1" for 10.10.3.143 at 2014-02-06 14:48:39 +0400


Started GET "/assets/users.css?body=1" for 10.10.3.143 at 2014-02-06 14:48:39 +0400


Started GET "/assets/scaffolds.css?body=1" for 10.10.3.143 at 2014-02-06 14:48:39 +0400


Started GET "/assets/charts.css?body=1" for 10.10.3.143 at 2014-02-06 14:48:39 +0400


Started GET "/assets/jquery.js?body=1" for 10.10.3.143 at 2014-02-06 14:48:39 +0400


Started GET "/assets/jquery_ujs.js?body=1" for 10.10.3.143 at 2014-02-06 14:48:40 +0400


Started GET "/assets/turbolinks.js?body=1" for 10.10.3.143 at 2014-02-06 14:48:40 +0400


Started GET "/assets/chart.js?body=1" for 10.10.3.143 at 2014-02-06 14:48:40 +0400


Started GET "/assets/main.js?body=1" for 10.10.3.143 at 2014-02-06 14:48:40 +0400


Started GET "/assets/sessions.js?body=1" for 10.10.3.143 at 2014-02-06 14:48:40 +0400


Started GET "/assets/users.js?body=1" for 10.10.3.143 at 2014-02-06 14:48:40 +0400


Started GET "/assets/highcharts/highcharts.js?body=1" for 10.10.3.143 at 2014-02-06 14:48:40 +0400


Started GET "/assets/highcharts/highcharts-more.js?body=1" for 10.10.3.143 at 2014-02-06 14:48:40 +0400


Started GET "/assets/highcharts/modules/exporting.js?body=1" for 10.10.3.143 at 2014-02-06 14:48:40 +0400


Started GET "/assets/application.js?body=1" for 10.10.3.143 at 2014-02-06 14:48:40 +0400


Started GET "/assets/background_main.jpg" for 10.10.3.143 at 2014-02-06 14:48:40 +0400


Started GET "/assets/favicon.ico" for 10.10.3.143 at 2014-02-06 14:48:40 +0400


Started POST "/new_dot" for 10.10.3.143 at 2014-02-06 14:49:40 +0400
Processing by StatisticsController#new_dot as JSON
  [1m[35mUser Load (0.3ms)[0m  SELECT  "users".* FROM "users"  WHERE "users"."id" = 1 LIMIT 1
  [1m[36mRole Load (0.1ms)[0m  [1mSELECT  "roles".* FROM "roles"  WHERE "roles"."id" = ?  ORDER BY "roles"."id" ASC LIMIT 1[0m  [["id", 1]]
Completed 200 OK in 45ms (Views: 0.2ms | ActiveRecord: 0.4ms)


Started POST "/new_dot" for 10.10.3.143 at 2014-02-06 14:50:40 +0400
Processing by StatisticsController#new_dot as JSON
  [1m[35mUser Load (0.3ms)[0m  SELECT  "users".* FROM "users"  WHERE "users"."id" = 1 LIMIT 1
  [1m[36mRole Load (0.1ms)[0m  [1mSELECT  "roles".* FROM "roles"  WHERE "roles"."id" = ?  ORDER BY "roles"."id" ASC LIMIT 1[0m  [["id", 1]]
Completed 200 OK in 45ms (Views: 0.3ms | ActiveRecord: 0.4ms)


Started POST "/new_dot" for 10.10.3.143 at 2014-02-06 14:51:40 +0400
Processing by StatisticsController#new_dot as JSON
  [1m[35mUser Load (0.3ms)[0m  SELECT  "users".* FROM "users"  WHERE "users"."id" = 1 LIMIT 1
  [1m[36mRole Load (0.2ms)[0m  [1mSELECT  "roles".* FROM "roles"  WHERE "roles"."id" = ?  ORDER BY "roles"."id" ASC LIMIT 1[0m  [["id", 1]]
Completed 200 OK in 29ms (Views: 0.2ms | ActiveRecord: 0.5ms)
